#
# A fatal error has been detected by the Java Runtime Environment:
#
#  EXCEPTION_ACCESS_VIOLATION (0xc0000005) at pc=0x00007ff81591d288, pid=8408, tid=1896
#
# JRE version: OpenJDK Runtime Environment Temurin-17.0.5+8 (17.0.5+8) (build 17.0.5+8)
# Java VM: OpenJDK 64-Bit Server VM Temurin-17.0.5+8 (17.0.5+8, mixed mode, tiered, compressed oops, compressed class ptrs, g1 gc, windows-amd64)
# Problematic frame:
# V  [jvm.dll+0x23d288]
#
# No core dump will be written. Minidumps are not enabled by default on client versions of Windows
#
# If you would like to submit a bug report, please visit:
#   https://github.com/adoptium/adoptium-support/issues
#

---------------  S U M M A R Y ------------

Command Line: -XX:+ShowCodeDetailsInExceptionMessages -agentlib:jdwp=transport=dt_socket,suspend=y,address=localhost:53003 -ea -Dapplication.properties=\src\main\resources\config.properties -Dfile.encoding=UTF-8 org.testng.remote.RemoteTestNG -serport 53002 -protocol json -d D:\samyak\Parth\Connect\test-output C:\Users\PARTHS~1\AppData\Local\Temp\testng-eclipse--844668465\testng-customsuite.xml

Host: Intel(R) Core(TM) i5-4590S CPU @ 3.00GHz, 4 cores, 7G,  Windows 10 , 64 bit Build 19041 (10.0.19041.2546)
Time: Thu Mar  2 15:19:53 2023 India Standard Time elapsed time: 246.092270 seconds (0d 0h 4m 6s)

---------------  T H R E A D  ---------------

Current thread (0x000002a87b4e9a40):  VMThread "VM Thread" [stack: 0x000000c07e200000,0x000000c07e300000] [id=1896]

Stack: [0x000000c07e200000,0x000000c07e300000],  sp=0x000000c07e2fee48,  free space=1019k
Native frames: (J=compiled Java code, j=interpreted, Vv=VM code, C=native code)
V  [jvm.dll+0x23d288]


siginfo: EXCEPTION_ACCESS_VIOLATION (0xc0000005), reading address 0x000002a8034de8c0


Register to memory mapping:

RIP=0x00007ff81591d288 jvm.dll
RAX=0x0000000000007b39 is an unknown value
RBX=0x0000000000000046 is an unknown value
RCX=0x000002a8034a0eb0 is pointing into metadata
RDX=0x0000000000000046 is an unknown value
RSP=0x000000c07e2fee48 points into unknown readable memory: 0x00007ff815d0bbcf | cf bb d0 15 f8 7f 00 00
RBP=0x00000000000000bb is an unknown value
RSI=0x000000c07e2fef00 points into unknown readable memory: 0x000002a8034aa1c8 | c8 a1 4a 03 a8 02 00 00
RDI=0x0000000000000050 is an unknown value
R8 =0x000000c07e2fef30 points into unknown readable memory: 0x000002a803499f18 | 18 9f 49 03 a8 02 00 00
R9 =0x000000c07e2fef00 points into unknown readable memory: 0x000002a8034aa1c8 | c8 a1 4a 03 a8 02 00 00
R10=0x000002a87b4d8850 points into unknown readable memory: 0x0000001e00000002 | 02 00 00 00 1e 00 00 00
R11={method} {0x000002a8034aa1d0} 'save_quick_quote' '()V' in 'Quick_Quote_28658/quick_quote'
R12=0x000002a8034a0eb0 is pointing into metadata
R13=0x00007ff8156e0000 jvm.dll
R14=0x000000c07e2fef30 points into unknown readable memory: 0x000002a803499f18 | 18 9f 49 03 a8 02 00 00
R15=0x000002a8034a3760 is pointing into metadata


Registers:
RAX=0x0000000000007b39, RBX=0x0000000000000046, RCX=0x000002a8034a0eb0, RDX=0x0000000000000046
RSP=0x000000c07e2fee48, RBP=0x00000000000000bb, RSI=0x000000c07e2fef00, RDI=0x0000000000000050
R8 =0x000000c07e2fef30, R9 =0x000000c07e2fef00, R10=0x000002a87b4d8850, R11=0x000002a8034aa1c8
R12=0x000002a8034a0eb0, R13=0x00007ff8156e0000, R14=0x000000c07e2fef30, R15=0x000002a8034a3760
RIP=0x00007ff81591d288, EFLAGS=0x0000000000010202

Top of Stack: (sp=0x000000c07e2fee48)
0x000000c07e2fee48:   00007ff815d0bbcf 0000000000000046
0x000000c07e2fee58:   00007ff815a2a194 000000c07e2fef00
0x000000c07e2fee68:   0000000000000006 0000000100093190
0x000000c07e2fee78:   00007ff84c135ba1 000000c07e2fef00
0x000000c07e2fee88:   00007ff81580645e 000002a8034aa1c8
0x000000c07e2fee98:   000002a87ce02d40 000002a8034a3760
0x000000c07e2feea8:   000002a8034a2ae0 00000000000000bb
0x000000c07e2feeb8:   00007ff815d0c601 00000000000000bb
0x000000c07e2feec8:   000000c07e2fef39 00000000000000bb
0x000000c07e2feed8:   000000c07e2fef90 000002a8034a0eb0
0x000000c07e2feee8:   000002a8034a3760 000002a8034aa1c8
0x000000c07e2feef8:   000002a87b4e9a40 000002a8034aa1c8
0x000000c07e2fef08:   000002a87b4e9a40 0000000300000000
0x000000c07e2fef18:   000000bb00000209 0000000000000000
0x000000c07e2fef28:   00007ff8000000bb 000002a803499f18
0x000000c07e2fef38:   000002a87b4e9a40 0000000300000000 

Instructions: (pc=0x00007ff81591d288)
0x00007ff81591d188:   48 8b 49 18 e8 cf c9 31 00 48 83 7e 08 00 48 8b
0x00007ff81591d198:   7c 24 70 48 8b 6c 24 60 74 37 4c 8b ce 41 b0 64
0x00007ff81591d1a8:   41 8b d4 49 8b ce e8 cd 1d 00 00 48 83 7e 08 00
0x00007ff81591d1b8:   0f 85 87 00 00 00 49 8b 0e 8b 54 24 68 48 8b 41
0x00007ff81591d1c8:   28 48 8b 44 d0 08 48 83 c4 38 41 5e 41 5c 5e 5b
0x00007ff81591d1d8:   c3 48 83 3d 67 f3 91 00 00 74 0b 48 8b d3 49 8b
0x00007ff81591d1e8:   ce e8 62 23 00 00 8b 44 24 68 41 b9 07 00 00 00
0x00007ff81591d1f8:   48 8d 14 c5 00 00 00 00 49 8b 06 48 8b 48 28 48
0x00007ff81591d208:   89 5c 11 08 49 8b 06 48 8b 48 08 b0 64 f0 46 0f
0x00007ff81591d218:   b0 4c 21 04 3c 67 75 32 49 8b 06 4c 8b c6 48 8b
0x00007ff81591d228:   48 28 48 c7 44 11 08 00 00 00 00 41 8b d4 49 8b
0x00007ff81591d238:   ce e8 62 21 00 00 48 83 7e 08 00 74 0d 33 c0 48
0x00007ff81591d248:   83 c4 38 41 5e 41 5c 5e 5b c3 48 8b c3 48 83 c4
0x00007ff81591d258:   38 41 5e 41 5c 5e 5b c3 48 8b 41 28 4c 63 ca 42
0x00007ff81591d268:   0f b7 54 c9 48 4c 89 44 d0 08 48 8b 41 08 42 c6
0x00007ff81591d278:   44 08 04 07 c3 cc cc cc 48 63 c2 0f b7 44 c1 4a
0x00007ff81591d288:   48 8b 44 c1 48 c3 cc cc 49 63 c0 44 0f b7 44 c1
0x00007ff81591d298:   4a 48 8b 42 18 4a 39 44 c1 48 0f 94 c0 c3 cc cc
0x00007ff81591d2a8:   cc cc cc cc cc cc cc cc 48 89 5c 24 10 48 89 74
0x00007ff81591d2b8:   24 18 57 48 83 ec 30 48 63 da 49 8b f0 48 8b f9
0x00007ff81591d2c8:   85 d2 79 24 4c 8d 0d c5 2a 70 00 ba b4 02 00 00
0x00007ff81591d2d8:   4c 8d 05 f1 2a 70 00 48 8d 0d 6a 2a 70 00 e8 b5
0x00007ff81591d2e8:   78 00 00 e8 c0 93 43 00 48 8b 4f 10 48 85 c9 74
0x00007ff81591d2f8:   0f 48 8d 43 01 48 c1 e0 05 48 8b 04 08 0f b7 d8
0x00007ff81591d308:   48 63 c3 48 8d 54 24 40 48 89 7c 24 20 48 89 74
0x00007ff81591d318:   24 28 48 8b 8e 40 02 00 00 8b 5c c7 48 48 89 7c
0x00007ff81591d328:   24 40 e8 e1 d6 dc ff 0f b7 d3 48 8d 4c 24 20 4c
0x00007ff81591d338:   8b c6 e8 f1 fb ff ff 48 8d 4c 24 20 48 8b d8 e8
0x00007ff81591d348:   d4 ce 10 00 48 8b 74 24 50 48 8b c3 48 8b 5c 24
0x00007ff81591d358:   48 48 83 c4 30 5f c3 cc 48 89 5c 24 08 57 48 83
0x00007ff81591d368:   ec 20 48 63 fa 48 8b d9 85 d2 79 24 4c 8d 0d 1d
0x00007ff81591d378:   2a 70 00 ba b4 02 00 00 4c 8d 05 49 2a 70 00 48 


Stack slot to memory mapping:
stack at sp + 0 slots: 0x00007ff815d0bbcf jvm.dll
stack at sp + 1 slots: 0x0000000000000046 is an unknown value
stack at sp + 2 slots: 0x00007ff815a2a194 jvm.dll
stack at sp + 3 slots: 0x000000c07e2fef00 points into unknown readable memory: 0x000002a8034aa1c8 | c8 a1 4a 03 a8 02 00 00
stack at sp + 4 slots: 0x0000000000000006 is an unknown value
stack at sp + 5 slots: 0x0000000100093190 is a pointer to class: 
Quick_Quote_28658.quick_quote {0x0000000100093198}
 - instance size:     3
 - klass size:        78
 - access:            public synchronized 
 - state:             fully_initialized
 - name:              'Quick_Quote_28658/quick_quote'
 - super:             'connect_BasePackage/BaseInit'
 - sub:               
 - arrays:            NULL
 - methods:           Array<T>(0x000002a8034a2550)
 - method ordering:   Array<T>(0x000002a8034a72d0)
 - default_methods:   Array<T>(0x0000000000000000)
 - local interfaces:  Array<T>(0x000002a87b800058)
 - trans. interfaces: Array<T>(0x000002a87b800058)
 - constants:         constant pool [661] {0x000002a8034a3768} for 'Quick_Quote_28658/quick_quote' cache=0x000002a8034a61f0
 - class loader data:  loader data: 0x000002a87c0f12d0 for instance a 'jdk/internal/loader/ClassLoaders$AppClassLoader'{0x000000008162aac0}
 - source file:       'quick_quote.java'
 - class annotations:       Array<T>(0x0000000000000000)
 - class type annotations:  Array<T>(0x0000000000000000)
 - field annotations:       Array<T>(0x0000000000000000)
 - field type annotations:  Array<T>(0x0000000000000000)
 - previous version:  constant pool [692] {0x000002a87e308fc0} for 'Quick_Quote_28658/quick_quote' (extra) cache=0x000002a87e3ea040
 - inner classes:     Array<T>(0x000002a8034a31d0)
 - nest members:     Array<T>(0x000002a87b800028)
 - permitted subclasses:     Array<T>(0x000002a87b800028)
 - java mirror:       a 'java/lang/Class'{0x00000000816414a0} = 'Quick_Quote_28658/quick_quote'
 - vtable length      18  (start addr: 0x0000000100093358)
 - itable length      2 (start addr: 0x00000001000933e8)
 - ---- static fields (1 words):
 - static 'mth' 'LQuick_Quote_28658/methods;' @112 
 - ---- non-static fields (2 words):
 - 'BaseURL' 'Ljava/lang/String;' @12 
 - 'jse' 'Lorg/openqa/selenium/JavascriptExecutor;' @16 
 - non-static oop maps: 12-16 
stack at sp + 6 slots: 0x00007ff84c135ba1 ntdll.dll
stack at sp + 7 slots: 0x000000c07e2fef00 points into unknown readable memory: 0x000002a8034aa1c8 | c8 a1 4a 03 a8 02 00 00

VM_Operation (0x000000c07ecff5a0): RedefineClasses, mode: safepoint, requested by thread 0x000002a87c1dcae0, redefining class Quick_Quote_28658.quick_quote



---------------  P R O C E S S  ---------------

Threads class SMR info:
_java_thread_list=0x000002a8022f4c60, length=23, elements={
0x000002a861da10d0, 0x000002a87b4fd020, 0x000002a87b4fdda0, 0x000002a87b4cb6b0,
0x000002a87b4ccf80, 0x000002a87b4cda50, 0x000002a87c024f50, 0x000002a87c030720,
0x000002a87c0314e0, 0x000002a87c04cfc0, 0x000002a87c1dcae0, 0x000002a87c1df7a0,
0x000002a87c1e1ca0, 0x000002a87c1ea9f0, 0x000002a87c1f18c0, 0x000002a87c25d9e0,
0x000002a87cf3b340, 0x000002a87cf3de90, 0x000002a87cf3b810, 0x000002a87cf3e360,
0x000002a87cf3bce0, 0x000002a87cf3c1b0, 0x000002a87cf3a9a0
}

Java Threads: ( => current thread )
  0x000002a861da10d0 JavaThread "main" [_thread_blocked, id=13712, stack(0x000000c07dc00000,0x000000c07dd00000)]
  0x000002a87b4fd020 JavaThread "Reference Handler" daemon [_thread_blocked, id=14248, stack(0x000000c07e300000,0x000000c07e400000)]
  0x000002a87b4fdda0 JavaThread "Finalizer" daemon [_thread_blocked, id=7232, stack(0x000000c07e400000,0x000000c07e500000)]
  0x000002a87b4cb6b0 JavaThread "Signal Dispatcher" daemon [_thread_blocked, id=10820, stack(0x000000c07e500000,0x000000c07e600000)]
  0x000002a87b4ccf80 JavaThread "Attach Listener" daemon [_thread_blocked, id=12680, stack(0x000000c07e600000,0x000000c07e700000)]
  0x000002a87b4cda50 JavaThread "Service Thread" daemon [_thread_blocked, id=14036, stack(0x000000c07e700000,0x000000c07e800000)]
  0x000002a87c024f50 JavaThread "Monitor Deflation Thread" daemon [_thread_blocked, id=14164, stack(0x000000c07e800000,0x000000c07e900000)]
  0x000002a87c030720 JavaThread "C2 CompilerThread0" daemon [_thread_blocked, id=14232, stack(0x000000c07e900000,0x000000c07ea00000)]
  0x000002a87c0314e0 JavaThread "C1 CompilerThread0" daemon [_thread_blocked, id=14160, stack(0x000000c07ea00000,0x000000c07eb00000)]
  0x000002a87c04cfc0 JavaThread "Sweeper thread" daemon [_thread_blocked, id=1476, stack(0x000000c07eb00000,0x000000c07ec00000)]
  0x000002a87c1dcae0 JavaThread "JDWP Transport Listener: dt_socket" daemon [_thread_blocked, id=14016, stack(0x000000c07ec00000,0x000000c07ed00000)]
  0x000002a87c1df7a0 JavaThread "JDWP Event Helper Thread" daemon [_thread_blocked, id=7812, stack(0x000000c07ed00000,0x000000c07ee00000)]
  0x000002a87c1e1ca0 JavaThread "JDWP Command Reader" daemon [_thread_in_native, id=7200, stack(0x000000c07ee00000,0x000000c07ef00000)]
  0x000002a87c1ea9f0 JavaThread "Notification Thread" daemon [_thread_blocked, id=6100, stack(0x000000c07ef00000,0x000000c07f000000)]
  0x000002a87c1f18c0 JavaThread "Common-Cleaner" daemon [_thread_blocked, id=14104, stack(0x000000c07f100000,0x000000c07f200000)]
  0x000002a87c25d9e0 JavaThread "ReaderThread" [_thread_in_native, id=8568, stack(0x000000c07f400000,0x000000c07f500000)]
  0x000002a87cf3b340 JavaThread "Exec Default Executor" daemon [_thread_in_native, id=13452, stack(0x000000c07fc00000,0x000000c07fd00000)]
  0x000002a87cf3de90 JavaThread "Exec Stream Pumper" daemon [_thread_in_native, id=14196, stack(0x000000c07fe00000,0x000000c07ff00000)]
  0x000002a87cf3b810 JavaThread "Exec Stream Pumper" daemon [_thread_in_native, id=6340, stack(0x000000c07ff00000,0x000000c080000000)]
  0x000002a87cf3e360 JavaThread "OkHttp ConnectionPool" daemon [_thread_blocked, id=6828, stack(0x000000c000200000,0x000000c000300000)]
  0x000002a87cf3bce0 JavaThread "Okio Watchdog" daemon [_thread_blocked, id=14324, stack(0x000000c000300000,0x000000c000400000)]
  0x000002a87cf3c1b0 JavaThread "Java2D Disposer" daemon [_thread_blocked, id=12028, stack(0x000000c000400000,0x000000c000500000)]
  0x000002a87cf3a9a0 JavaThread "AWT-Windows" daemon [_thread_in_native, id=14280, stack(0x000000c000600000,0x000000c000700000)]

Other Threads:
=>0x000002a87b4e9a40 VMThread "VM Thread" [stack: 0x000000c07e200000,0x000000c07e300000] [id=1896]
  0x000002a861e1de40 WatcherThread [stack: 0x000000c07f000000,0x000000c07f100000] [id=14028]
  0x000002a861dfa3c0 GCTaskThread "GC Thread#0" [stack: 0x000000c07dd00000,0x000000c07de00000] [id=7872]
  0x000002a87d226d20 GCTaskThread "GC Thread#1" [stack: 0x000000c07f500000,0x000000c07f600000] [id=10108]
  0x000002a87cfcfef0 GCTaskThread "GC Thread#2" [stack: 0x000000c07f600000,0x000000c07f700000] [id=10176]
  0x000002a87cfd01a0 GCTaskThread "GC Thread#3" [stack: 0x000000c07f700000,0x000000c07f800000] [id=396]
  0x000002a861e0b770 ConcurrentGCThread "G1 Main Marker" [stack: 0x000000c07de00000,0x000000c07df00000] [id=6216]
  0x000002a861e0e4a0 ConcurrentGCThread "G1 Conc#0" [stack: 0x000000c07df00000,0x000000c07e000000] [id=3452]
  0x000002a87b3328d0 ConcurrentGCThread "G1 Refine#0" [stack: 0x000000c07e000000,0x000000c07e100000] [id=10332]
  0x000002a87cd1d380 ConcurrentGCThread "G1 Refine#1" [stack: 0x000000c07f800000,0x000000c07f900000] [id=128]
  0x000002a87b333200 ConcurrentGCThread "G1 Service" [stack: 0x000000c07e100000,0x000000c07e200000] [id=13300]

Threads with active compile tasks:

VM state: at safepoint (normal execution)

VM Mutex/Monitor currently owned by a thread:  ([mutex/lock_event])
[0x000002a861d9c300] Threads_lock - owner thread: 0x000002a87b4e9a40

Heap address: 0x0000000081200000, size: 2030 MB, Compressed Oops mode: 32-bit

CDS archive(s) not mapped
Compressed class space mapped at: 0x0000000100000000-0x0000000140000000, reserved size: 1073741824
Narrow klass base: 0x0000000000000000, Narrow klass shift: 3, Narrow klass range: 0x140000000

GC Precious Log:
 CPUs: 4 total, 4 available
 Memory: 8117M
 Large Page Support: Disabled
 NUMA Support: Disabled
 Compressed Oops: Enabled (32-bit)
 Heap Region Size: 1M
 Heap Min Capacity: 8M
 Heap Initial Capacity: 128M
 Heap Max Capacity: 2030M
 Pre-touch: Disabled
 Parallel Workers: 4
 Concurrent Workers: 1
 Concurrent Refinement Workers: 4
 Periodic GC: Disabled

Heap:
 garbage-first heap   total 40960K, used 29436K [0x0000000081200000, 0x0000000100000000)
  region size 1024K, 16 young (16384K), 1 survivors (1024K)
 Metaspace       used 37400K, committed 37696K, reserved 1089536K
  class space    used 3948K, committed 4096K, reserved 1048576K

Heap Regions: E=young(eden), S=young(survivor), O=old, HS=humongous(starts), HC=humongous(continues), CS=collection set, F=free, OA=open archive, CA=closed archive, TAMS=top-at-mark-start (previous, next)
|   0|0x0000000081200000, 0x0000000081300000, 0x0000000081300000|100%|HS|  |TAMS 0x0000000081300000, 0x0000000081200000| Complete 
|   1|0x0000000081300000, 0x0000000081400000, 0x0000000081400000|100%| O|  |TAMS 0x0000000081400000, 0x0000000081300000| Untracked 
|   2|0x0000000081400000, 0x0000000081500000, 0x0000000081500000|100%| O|  |TAMS 0x0000000081500000, 0x0000000081400000| Untracked 
|   3|0x0000000081500000, 0x0000000081600000, 0x0000000081600000|100%| O|  |TAMS 0x0000000081600000, 0x0000000081500000| Untracked 
|   4|0x0000000081600000, 0x0000000081700000, 0x0000000081700000|100%| O|  |TAMS 0x0000000081700000, 0x0000000081600000| Untracked 
|   5|0x0000000081700000, 0x0000000081800000, 0x0000000081800000|100%| O|  |TAMS 0x0000000081800000, 0x0000000081700000| Untracked 
|   6|0x0000000081800000, 0x0000000081900000, 0x0000000081900000|100%| O|  |TAMS 0x0000000081900000, 0x0000000081800000| Untracked 
|   7|0x0000000081900000, 0x0000000081a00000, 0x0000000081a00000|100%| O|  |TAMS 0x0000000081a00000, 0x0000000081900000| Untracked 
|   8|0x0000000081a00000, 0x0000000081b00000, 0x0000000081b00000|100%| O|  |TAMS 0x0000000081b00000, 0x0000000081a00000| Untracked 
|   9|0x0000000081b00000, 0x0000000081c00000, 0x0000000081c00000|100%| O|  |TAMS 0x0000000081c00000, 0x0000000081b00000| Untracked 
|  10|0x0000000081c00000, 0x0000000081d00000, 0x0000000081d00000|100%| O|  |TAMS 0x0000000081d00000, 0x0000000081c00000| Untracked 
|  11|0x0000000081d00000, 0x0000000081e00000, 0x0000000081e00000|100%| O|  |TAMS 0x0000000081e00000, 0x0000000081d00000| Untracked 
|  12|0x0000000081e00000, 0x0000000081f00000, 0x0000000081f00000|100%| O|  |TAMS 0x0000000081f00000, 0x0000000081e00000| Untracked 
|  13|0x0000000081f00000, 0x0000000082000000, 0x0000000082000000|100%| O|  |TAMS 0x0000000082000000, 0x0000000081f00000| Untracked 
|  14|0x0000000082000000, 0x0000000082100000, 0x0000000082100000|100%| O|  |TAMS 0x0000000082100000, 0x0000000082000000| Untracked 
|  15|0x0000000082100000, 0x0000000082179a00, 0x0000000082200000| 47%| O|  |TAMS 0x0000000082107a00, 0x0000000082100000| Untracked 
|  16|0x0000000082200000, 0x0000000082200000, 0x0000000082300000|  0%| F|  |TAMS 0x0000000082200000, 0x0000000082200000| Untracked 
|  17|0x0000000082300000, 0x0000000082300000, 0x0000000082400000|  0%| F|  |TAMS 0x0000000082300000, 0x0000000082300000| Untracked 
|  18|0x0000000082400000, 0x0000000082400000, 0x0000000082500000|  0%| F|  |TAMS 0x0000000082400000, 0x0000000082400000| Untracked 
|  19|0x0000000082500000, 0x0000000082500000, 0x0000000082600000|  0%| F|  |TAMS 0x0000000082500000, 0x0000000082500000| Untracked 
|  20|0x0000000082600000, 0x0000000082600000, 0x0000000082700000|  0%| F|  |TAMS 0x0000000082600000, 0x0000000082600000| Untracked 
|  21|0x0000000082700000, 0x0000000082700000, 0x0000000082800000|  0%| F|  |TAMS 0x0000000082700000, 0x0000000082700000| Untracked 
|  22|0x0000000082800000, 0x0000000082845900, 0x0000000082900000| 27%| S|CS|TAMS 0x0000000082800000, 0x0000000082800000| Complete 
|  23|0x0000000082900000, 0x0000000082900000, 0x0000000082a00000|  0%| F|  |TAMS 0x0000000082900000, 0x0000000082900000| Untracked 
|  24|0x0000000082a00000, 0x0000000082a00000, 0x0000000082b00000|  0%| F|  |TAMS 0x0000000082a00000, 0x0000000082a00000| Untracked 
|  25|0x0000000082b00000, 0x0000000082bde9b0, 0x0000000082c00000| 86%| E|  |TAMS 0x0000000082b00000, 0x0000000082b00000| Complete 
|  26|0x0000000082c00000, 0x0000000082d00000, 0x0000000082d00000|100%| E|CS|TAMS 0x0000000082c00000, 0x0000000082c00000| Complete 
|  27|0x0000000082d00000, 0x0000000082e00000, 0x0000000082e00000|100%| E|CS|TAMS 0x0000000082d00000, 0x0000000082d00000| Complete 
|  28|0x0000000082e00000, 0x0000000082f00000, 0x0000000082f00000|100%| E|CS|TAMS 0x0000000082e00000, 0x0000000082e00000| Complete 
|  29|0x0000000082f00000, 0x0000000083000000, 0x0000000083000000|100%| E|CS|TAMS 0x0000000082f00000, 0x0000000082f00000| Complete 
|  30|0x0000000083000000, 0x0000000083100000, 0x0000000083100000|100%| E|CS|TAMS 0x0000000083000000, 0x0000000083000000| Complete 
|  31|0x0000000083100000, 0x0000000083200000, 0x0000000083200000|100%| E|CS|TAMS 0x0000000083100000, 0x0000000083100000| Complete 
|  32|0x0000000083200000, 0x0000000083300000, 0x0000000083300000|100%| E|CS|TAMS 0x0000000083200000, 0x0000000083200000| Complete 
|  33|0x0000000083300000, 0x0000000083400000, 0x0000000083400000|100%| E|CS|TAMS 0x0000000083300000, 0x0000000083300000| Complete 
|  34|0x0000000083400000, 0x0000000083500000, 0x0000000083500000|100%| E|CS|TAMS 0x0000000083400000, 0x0000000083400000| Complete 
|  35|0x0000000083500000, 0x0000000083600000, 0x0000000083600000|100%| E|CS|TAMS 0x0000000083500000, 0x0000000083500000| Complete 
| 107|0x0000000087d00000, 0x0000000087e00000, 0x0000000087e00000|100%| E|  |TAMS 0x0000000087d00000, 0x0000000087d00000| Complete 
| 108|0x0000000087e00000, 0x0000000087f00000, 0x0000000087f00000|100%| E|CS|TAMS 0x0000000087e00000, 0x0000000087e00000| Complete 
| 109|0x0000000087f00000, 0x0000000088000000, 0x0000000088000000|100%| E|CS|TAMS 0x0000000087f00000, 0x0000000087f00000| Complete 
| 127|0x0000000089100000, 0x0000000089200000, 0x0000000089200000|100%| E|CS|TAMS 0x0000000089100000, 0x0000000089100000| Complete 

Card table byte_map: [0x000002a874850000,0x000002a874c50000] _byte_map_base: 0x000002a874447000

Marking Bits (Prev, Next): (CMBitMap*) 0x000002a861dfa8e0, (CMBitMap*) 0x000002a861dfa920
 Prev Bits: [0x000002a875050000, 0x000002a877008000)
 Next Bits: [0x000002a877010000, 0x000002a878fc8000)

Polling page: 0x000002a85fda0000

Metaspace:

Usage:
  Non-class:     32.67 MB used.
      Class:      3.86 MB used.
       Both:     36.52 MB used.

Virtual space:
  Non-class space:       40.00 MB reserved,      32.81 MB ( 82%) committed,  5 nodes.
      Class space:        1.00 GB reserved,       4.00 MB ( <1%) committed,  1 nodes.
             Both:        1.04 GB reserved,      36.81 MB (  3%) committed. 

Chunk freelists:
   Non-Class:  2.28 MB
       Class:  24.00 KB
        Both:  2.30 MB

MaxMetaspaceSize: unlimited
CompressedClassSpaceSize: 1.00 GB
Initial GC threshold: 21.00 MB
Current GC threshold: 58.88 MB
CDS: off
MetaspaceReclaimPolicy: balanced
 - commit_granule_bytes: 65536.
 - commit_granule_words: 8192.
 - virtual_space_node_default_size: 1048576.
 - enlarge_chunks_in_place: 1.
 - new_chunks_are_fully_committed: 0.
 - uncommit_free_chunks: 1.
 - use_allocation_guard: 0.
 - handle_deallocations: 1.


Internal statistics:

num_allocs_failed_limit: 6.
num_arena_births: 302.
num_arena_deaths: 0.
num_vsnodes_births: 6.
num_vsnodes_deaths: 0.
num_space_committed: 589.
num_space_uncommitted: 0.
num_chunks_returned_to_freelist: 6.
num_chunks_taken_from_freelist: 1150.
num_chunk_merges: 0.
num_chunk_splits: 722.
num_chunks_enlarged: 493.
num_purges: 0.
num_inconsistent_stats: 0.

CodeHeap 'non-profiled nmethods': size=120000Kb used=3722Kb max_used=3722Kb free=116277Kb
 bounds [0x000002a86cf20000, 0x000002a86d2d0000, 0x000002a874450000]
CodeHeap 'profiled nmethods': size=120000Kb used=10305Kb max_used=10559Kb free=109694Kb
 bounds [0x000002a8659f0000, 0x000002a866480000, 0x000002a86cf20000]
CodeHeap 'non-nmethods': size=5760Kb used=1367Kb max_used=1423Kb free=4392Kb
 bounds [0x000002a865450000, 0x000002a8656c0000, 0x000002a8659f0000]
 total_blobs=5578 nmethods=4953 adapters=537
 compilation: enabled
              stopped_count=0, restarted_count=0
 full_count=0

Compilation events (20 events):
Event: 116.739 Thread 0x000002a87c0314e0 5826       3       sun.net.www.protocol.jar.JarURLConnection::getInputStream (97 bytes)
Event: 116.739 Thread 0x000002a87c0314e0 nmethod 5826 0x000002a8660ea610 code [0x000002a8660ea8e0, 0x000002a8660eb648]
Event: 117.268 Thread 0x000002a87c0314e0 5827       3       org.openqa.selenium.remote.RemoteWebElement::execute (10 bytes)
Event: 117.268 Thread 0x000002a87c0314e0 nmethod 5827 0x000002a86607b310 code [0x000002a86607b4c0, 0x000002a86607b6a8]
Event: 117.308 Thread 0x000002a87c030720 5828       4       org.apache.poi.openxml4j.opc.PackagePartName::compareTo (9 bytes)
Event: 117.309 Thread 0x000002a87c030720 nmethod 5828 0x000002a86d2c0510 code [0x000002a86d2c06a0, 0x000002a86d2c0788]
Event: 117.309 Thread 0x000002a87c030720 5829       4       java.util.regex.CharPredicates$$Lambda$201/0x000000010026e050::is (5 bytes)
Event: 117.309 Thread 0x000002a87c0314e0 5830       3       java.util.HashMap::values (25 bytes)
Event: 117.309 Thread 0x000002a87c0314e0 nmethod 5830 0x000002a8660e9f90 code [0x000002a8660ea140, 0x000002a8660ea4b8]
Event: 117.309 Thread 0x000002a87c030720 nmethod 5829 0x000002a86d2c0890 code [0x000002a86d2c0a00, 0x000002a86d2c0af8]
Event: 117.315 Thread 0x000002a87c030720 5831       4       org.apache.xmlbeans.impl.store.Cur::skip (108 bytes)
Event: 117.332 Thread 0x000002a87c030720 nmethod 5831 0x000002a86d2c0c10 code [0x000002a86d2c0de0, 0x000002a86d2c19c8]
Event: 117.332 Thread 0x000002a87c030720 5832       4       org.apache.xmlbeans.impl.store.Xobj::invalidateSpecialAttr (78 bytes)
Event: 117.335 Thread 0x000002a87c030720 nmethod 5832 0x000002a86d2c2090 code [0x000002a86d2c2240, 0x000002a86d2c28f8]
Event: 117.427 Thread 0x000002a87c0314e0 5833  s    3       java.lang.StringBuffer::capacity (5 bytes)
Event: 117.427 Thread 0x000002a87c0314e0 nmethod 5833 0x000002a8660e9a90 code [0x000002a8660e9c40, 0x000002a8660e9e78]
Event: 117.428 Thread 0x000002a87c0314e0 5834       3       java.lang.AbstractStringBuilder::capacity (11 bytes)
Event: 117.428 Thread 0x000002a87c0314e0 nmethod 5834 0x000002a86620c990 code [0x000002a86620cb20, 0x000002a86620cc38]
Event: 117.428 Thread 0x000002a87c0314e0 5835       3       org.apache.log4j.spi.LoggingEvent::getLocationInformation (34 bytes)
Event: 117.428 Thread 0x000002a87c0314e0 nmethod 5835 0x000002a8660e9510 code [0x000002a8660e96c0, 0x000002a8660e9998]

GC Heap History (20 events):
Event: 105.236 GC heap before
{Heap before GC invocations=49 (full 0):
 garbage-first heap   total 40960K, used 33359K [0x0000000081200000, 0x0000000100000000)
  region size 1024K, 19 young (19456K), 1 survivors (1024K)
 Metaspace       used 36839K, committed 37120K, reserved 1089536K
  class space    used 3945K, committed 4096K, reserved 1048576K
}
Event: 105.238 GC heap after
{Heap after GC invocations=50 (full 0):
 garbage-first heap   total 40960K, used 15981K [0x0000000081200000, 0x0000000100000000)
  region size 1024K, 1 young (1024K), 1 survivors (1024K)
 Metaspace       used 36839K, committed 37120K, reserved 1089536K
  class space    used 3945K, committed 4096K, reserved 1048576K
}
Event: 105.998 GC heap before
{Heap before GC invocations=50 (full 0):
 garbage-first heap   total 40960K, used 33389K [0x0000000081200000, 0x0000000100000000)
  region size 1024K, 19 young (19456K), 1 survivors (1024K)
 Metaspace       used 36888K, committed 37184K, reserved 1089536K
  class space    used 3945K, committed 4096K, reserved 1048576K
}
Event: 105.999 GC heap after
{Heap after GC invocations=51 (full 0):
 garbage-first heap   total 40960K, used 15959K [0x0000000081200000, 0x0000000100000000)
  region size 1024K, 1 young (1024K), 1 survivors (1024K)
 Metaspace       used 36888K, committed 37184K, reserved 1089536K
  class space    used 3945K, committed 4096K, reserved 1048576K
}
Event: 106.279 GC heap before
{Heap before GC invocations=51 (full 0):
 garbage-first heap   total 40960K, used 34391K [0x0000000081200000, 0x0000000100000000)
  region size 1024K, 19 young (19456K), 1 survivors (1024K)
 Metaspace       used 36977K, committed 37248K, reserved 1089536K
  class space    used 3946K, committed 4096K, reserved 1048576K
}
Event: 106.279 GC heap after
{Heap after GC invocations=52 (full 0):
 garbage-first heap   total 40960K, used 15912K [0x0000000081200000, 0x0000000100000000)
  region size 1024K, 1 young (1024K), 1 survivors (1024K)
 Metaspace       used 36977K, committed 37248K, reserved 1089536K
  class space    used 3946K, committed 4096K, reserved 1048576K
}
Event: 108.025 GC heap before
{Heap before GC invocations=52 (full 0):
 garbage-first heap   total 40960K, used 33320K [0x0000000081200000, 0x0000000100000000)
  region size 1024K, 19 young (19456K), 1 survivors (1024K)
 Metaspace       used 37121K, committed 37376K, reserved 1089536K
  class space    used 3947K, committed 4096K, reserved 1048576K
}
Event: 108.027 GC heap after
{Heap after GC invocations=53 (full 0):
 garbage-first heap   total 40960K, used 16626K [0x0000000081200000, 0x0000000100000000)
  region size 1024K, 1 young (1024K), 1 survivors (1024K)
 Metaspace       used 37121K, committed 37376K, reserved 1089536K
  class space    used 3947K, committed 4096K, reserved 1048576K
}
Event: 108.572 GC heap before
{Heap before GC invocations=53 (full 0):
 garbage-first heap   total 40960K, used 33010K [0x0000000081200000, 0x0000000100000000)
  region size 1024K, 18 young (18432K), 1 survivors (1024K)
 Metaspace       used 37165K, committed 37504K, reserved 1089536K
  class space    used 3947K, committed 4096K, reserved 1048576K
}
Event: 108.573 GC heap after
{Heap after GC invocations=54 (full 0):
 garbage-first heap   total 40960K, used 16061K [0x0000000081200000, 0x0000000100000000)
  region size 1024K, 1 young (1024K), 1 survivors (1024K)
 Metaspace       used 37165K, committed 37504K, reserved 1089536K
  class space    used 3947K, committed 4096K, reserved 1048576K
}
Event: 111.005 GC heap before
{Heap before GC invocations=54 (full 0):
 garbage-first heap   total 40960K, used 33469K [0x0000000081200000, 0x0000000100000000)
  region size 1024K, 19 young (19456K), 1 survivors (1024K)
 Metaspace       used 37203K, committed 37504K, reserved 1089536K
  class space    used 3947K, committed 4096K, reserved 1048576K
}
Event: 111.005 GC heap after
{Heap after GC invocations=55 (full 0):
 garbage-first heap   total 40960K, used 16258K [0x0000000081200000, 0x0000000100000000)
  region size 1024K, 1 young (1024K), 1 survivors (1024K)
 Metaspace       used 37203K, committed 37504K, reserved 1089536K
  class space    used 3947K, committed 4096K, reserved 1048576K
}
Event: 113.292 GC heap before
{Heap before GC invocations=55 (full 0):
 garbage-first heap   total 40960K, used 34690K [0x0000000081200000, 0x0000000100000000)
  region size 1024K, 19 young (19456K), 1 survivors (1024K)
 Metaspace       used 37214K, committed 37504K, reserved 1089536K
  class space    used 3947K, committed 4096K, reserved 1048576K
}
Event: 113.293 GC heap after
{Heap after GC invocations=56 (full 0):
 garbage-first heap   total 40960K, used 16060K [0x0000000081200000, 0x0000000100000000)
  region size 1024K, 1 young (1024K), 1 survivors (1024K)
 Metaspace       used 37214K, committed 37504K, reserved 1089536K
  class space    used 3947K, committed 4096K, reserved 1048576K
}
Event: 114.517 GC heap before
{Heap before GC invocations=56 (full 0):
 garbage-first heap   total 40960K, used 34492K [0x0000000081200000, 0x0000000100000000)
  region size 1024K, 19 young (19456K), 1 survivors (1024K)
 Metaspace       used 37236K, committed 37568K, reserved 1089536K
  class space    used 3947K, committed 4096K, reserved 1048576K
}
Event: 114.518 GC heap after
{Heap after GC invocations=57 (full 0):
 garbage-first heap   total 40960K, used 16351K [0x0000000081200000, 0x0000000100000000)
  region size 1024K, 1 young (1024K), 1 survivors (1024K)
 Metaspace       used 37236K, committed 37568K, reserved 1089536K
  class space    used 3947K, committed 4096K, reserved 1048576K
}
Event: 114.699 GC heap before
{Heap before GC invocations=57 (full 0):
 garbage-first heap   total 40960K, used 33759K [0x0000000081200000, 0x0000000100000000)
  region size 1024K, 19 young (19456K), 1 survivors (1024K)
 Metaspace       used 37272K, committed 37568K, reserved 1089536K
  class space    used 3947K, committed 4096K, reserved 1048576K
}
Event: 114.700 GC heap after
{Heap after GC invocations=58 (full 0):
 garbage-first heap   total 40960K, used 16289K [0x0000000081200000, 0x0000000100000000)
  region size 1024K, 1 young (1024K), 1 survivors (1024K)
 Metaspace       used 37272K, committed 37568K, reserved 1089536K
  class space    used 3947K, committed 4096K, reserved 1048576K
}
Event: 116.185 GC heap before
{Heap before GC invocations=58 (full 0):
 garbage-first heap   total 40960K, used 32673K [0x0000000081200000, 0x0000000100000000)
  region size 1024K, 18 young (18432K), 1 survivors (1024K)
 Metaspace       used 37300K, committed 37568K, reserved 1089536K
  class space    used 3947K, committed 4096K, reserved 1048576K
}
Event: 116.186 GC heap after
{Heap after GC invocations=59 (full 0):
 garbage-first heap   total 40960K, used 16124K [0x0000000081200000, 0x0000000100000000)
  region size 1024K, 1 young (1024K), 1 survivors (1024K)
 Metaspace       used 37300K, committed 37568K, reserved 1089536K
  class space    used 3947K, committed 4096K, reserved 1048576K
}

Dll operation events (9 events):
Event: 0.010 Loaded shared library C:\Users\parthshah\.p2\pool\plugins\org.eclipse.justj.openjdk.hotspot.jre.full.win32.x86_64_17.0.5.v20221102-0933\jre\bin\java.dll
Event: 0.328 Loaded shared library C:\Users\parthshah\.p2\pool\plugins\org.eclipse.justj.openjdk.hotspot.jre.full.win32.x86_64_17.0.5.v20221102-0933\jre\bin\net.dll
Event: 0.330 Loaded shared library C:\Users\parthshah\.p2\pool\plugins\org.eclipse.justj.openjdk.hotspot.jre.full.win32.x86_64_17.0.5.v20221102-0933\jre\bin\nio.dll
Event: 0.338 Loaded shared library C:\Users\parthshah\.p2\pool\plugins\org.eclipse.justj.openjdk.hotspot.jre.full.win32.x86_64_17.0.5.v20221102-0933\jre\bin\zip.dll
Event: 0.469 Loaded shared library C:\Users\parthshah\.p2\pool\plugins\org.eclipse.justj.openjdk.hotspot.jre.full.win32.x86_64_17.0.5.v20221102-0933\jre\bin\jimage.dll
Event: 1.051 Loaded shared library C:\Users\parthshah\.p2\pool\plugins\org.eclipse.justj.openjdk.hotspot.jre.full.win32.x86_64_17.0.5.v20221102-0933\jre\bin\verify.dll
Event: 1.297 Loaded shared library C:\Users\parthshah\.p2\pool\plugins\org.eclipse.justj.openjdk.hotspot.jre.full.win32.x86_64_17.0.5.v20221102-0933\jre\bin\prefs.dll
Event: 1.328 Loaded shared library C:\Users\parthshah\.p2\pool\plugins\org.eclipse.justj.openjdk.hotspot.jre.full.win32.x86_64_17.0.5.v20221102-0933\jre\bin\sunmscapi.dll
Event: 33.720 Loaded shared library C:\Users\parthshah\.p2\pool\plugins\org.eclipse.justj.openjdk.hotspot.jre.full.win32.x86_64_17.0.5.v20221102-0933\jre\bin\awt.dll

Deoptimization events (20 events):
Event: 117.319 Thread 0x000002a861da10d0 Uncommon trap: trap_request=0xffffff97 fr.pc=0x000002a86d1d48dc relative=0x00000000000002fc
Event: 117.319 Thread 0x000002a861da10d0 Uncommon trap: reason=unhandled action=none pc=0x000002a86d1d48dc method=sun.nio.ch.NioSocketImpl.timedRead(Ljava/io/FileDescriptor;[BIIJ)I @ 57 c2
Event: 117.319 Thread 0x000002a861da10d0 DEOPT PACKING pc=0x000002a86d1d48dc sp=0x000000c07dcfbf40
Event: 117.319 Thread 0x000002a861da10d0 DEOPT UNPACKING pc=0x000002a8654a23a3 sp=0x000000c07dcfbef0 mode 2
Event: 117.319 Thread 0x000002a861da10d0 DEOPT PACKING pc=0x000002a86624db6c sp=0x000000c07dcfbfe0
Event: 117.319 Thread 0x000002a861da10d0 DEOPT UNPACKING pc=0x000002a8654a2b43 sp=0x000000c07dcfb4f0 mode 1
Event: 117.319 Thread 0x000002a861da10d0 DEOPT PACKING pc=0x000002a86624c7fc sp=0x000000c07dcfc0d0
Event: 117.319 Thread 0x000002a861da10d0 DEOPT UNPACKING pc=0x000002a8654a2b43 sp=0x000000c07dcfb5f8 mode 1
Event: 117.319 Thread 0x000002a861da10d0 DEOPT PACKING pc=0x000002a8661b315c sp=0x000000c07dcfc1d0
Event: 117.319 Thread 0x000002a861da10d0 DEOPT UNPACKING pc=0x000002a8654a2b43 sp=0x000000c07dcfb678 mode 1
Event: 117.319 Thread 0x000002a861da10d0 DEOPT PACKING pc=0x000002a8661b2d64 sp=0x000000c07dcfc230
Event: 117.319 Thread 0x000002a861da10d0 DEOPT UNPACKING pc=0x000002a8654a2b43 sp=0x000000c07dcfb6d8 mode 1
Event: 117.319 Thread 0x000002a861da10d0 DEOPT PACKING pc=0x000002a86625e934 sp=0x000000c07dcfc290
Event: 117.319 Thread 0x000002a861da10d0 DEOPT UNPACKING pc=0x000002a8654a2b43 sp=0x000000c07dcfb7a0 mode 1
Event: 117.319 Thread 0x000002a861da10d0 DEOPT PACKING pc=0x000002a86625d5c4 sp=0x000000c07dcfc370
Event: 117.319 Thread 0x000002a861da10d0 DEOPT UNPACKING pc=0x000002a8654a2b43 sp=0x000000c07dcfb848 mode 1
Event: 117.319 Thread 0x000002a861da10d0 DEOPT PACKING pc=0x000002a865addca4 sp=0x000000c07dcfc430
Event: 117.319 Thread 0x000002a861da10d0 DEOPT UNPACKING pc=0x000002a8654a2b43 sp=0x000000c07dcfb910 mode 1
Event: 117.319 Thread 0x000002a861da10d0 DEOPT PACKING pc=0x000002a865fe0a1c sp=0x000000c07dcfc4b0
Event: 117.319 Thread 0x000002a861da10d0 DEOPT UNPACKING pc=0x000002a8654a2b43 sp=0x000000c07dcfb970 mode 1

Classes unloaded (0 events):
No events

Classes redefined (1 events):
Event: 221.352 Thread 0x000002a87b4e9a40 redefined class name=Quick_Quote_28658.quick_quote, count=1

Internal exceptions (20 events):
Event: 1.921 Thread 0x000002a87cf3d020 Exception <a 'java/net/SocketException'{0x0000000082fd1b98}: Socket is not connected: shutdown> (0x0000000082fd1b98) 
thrown [s\src\hotspot\share\prims\jni.cpp, line 535]
Event: 2.131 Thread 0x000002a861da10d0 Exception <a 'java/lang/NoSuchMethodError'{0x0000000082e5c0b0}: 'java.lang.Object java.lang.invoke.DirectMethodHandle$Holder.invokeInterface(java.lang.Object, java.lang.Object, java.lang.Object)'> (0x0000000082e5c0b0) 
thrown [s\src\hotspot\share\interpreter\linkResolver.cpp, line 759]
Event: 2.131 Thread 0x000002a861da10d0 Exception <a 'java/lang/IncompatibleClassChangeError'{0x0000000082e5f778}: Found class java.lang.Object, but interface was expected> (0x0000000082e5f778) 
thrown [s\src\hotspot\share\interpreter\linkResolver.cpp, line 826]
Event: 2.134 Thread 0x000002a861da10d0 Exception <a 'java/lang/NoSuchMethodError'{0x0000000082e67fe0}: 'int java.lang.invoke.DirectMethodHandle$Holder.invokeSpecialIFC(java.lang.Object, java.lang.Object, java.lang.Object, java.lang.Object)'> (0x0000000082e67fe0) 
thrown [s\src\hotspot\share\interpreter\linkResolver.cpp, line 759]
Event: 2.151 Thread 0x000002a861da10d0 Exception <a 'java/lang/NoSuchMethodError'{0x0000000082eca630}: 'double java.lang.invoke.DirectMethodHandle$Holder.invokeVirtual(java.lang.Object, java.lang.Object)'> (0x0000000082eca630) 
thrown [s\src\hotspot\share\interpreter\linkResolver.cpp, line 759]
Event: 2.151 Thread 0x000002a861da10d0 Exception <a 'java/lang/NoSuchMethodError'{0x0000000082ed0db0}: 'float java.lang.invoke.DirectMethodHandle$Holder.invokeVirtual(java.lang.Object, java.lang.Object)'> (0x0000000082ed0db0) 
thrown [s\src\hotspot\share\interpreter\linkResolver.cpp, line 759]
Event: 2.152 Thread 0x000002a861da10d0 Exception <a 'java/lang/NoSuchMethodError'{0x0000000082ed9d70}: 'long java.lang.invoke.DirectMethodHandle$Holder.invokeVirtual(java.lang.Object, java.lang.Object)'> (0x0000000082ed9d70) 
thrown [s\src\hotspot\share\interpreter\linkResolver.cpp, line 759]
Event: 2.180 Thread 0x000002a861da10d0 Exception <a 'java/lang/NoSuchMethodError'{0x0000000082c22df0}: 'void java.lang.invoke.DirectMethodHandle$Holder.invokeSpecial(java.lang.Object, java.lang.Object, java.lang.Object, java.lang.Object, java.lang.Object)'> (0x0000000082c22df0) 
thrown [s\src\hotspot\share\interpreter\linkResolver.cpp, line 759]
Event: 2.197 Thread 0x000002a861da10d0 Exception <a 'java/lang/NoSuchMethodError'{0x0000000082cf6b78}: 'java.lang.Object java.lang.invoke.DirectMethodHandle$Holder.newInvokeSpecial(java.lang.Object, java.lang.Object, java.lang.Object, java.lang.Object, java.lang.Object)'> (0x0000000082cf6b78) 
thrown [s\src\hotspot\share\interpreter\linkResolver.cpp, line 759]
Event: 3.117 Thread 0x000002a861da10d0 Exception <a 'java/lang/NoSuchMethodError'{0x00000000891ab1b0}: 'java.lang.Object java.lang.invoke.DirectMethodHandle$Holder.invokeSpecialIFC(java.lang.Object, java.lang.Object, java.lang.Object)'> (0x00000000891ab1b0) 
thrown [s\src\hotspot\share\interpreter\linkResolver.cpp, line 759]
Event: 3.136 Thread 0x000002a861da10d0 Exception <a 'java/lang/NoSuchMethodError'{0x0000000087f26b10}: 'void java.lang.invoke.DirectMethodHandle$Holder.invokeSpecial(java.lang.Object, java.lang.Object, java.lang.Object)'> (0x0000000087f26b10) 
thrown [s\src\hotspot\share\interpreter\linkResolver.cpp, line 759]
Event: 3.137 Thread 0x000002a861da10d0 Exception <a 'java/lang/ClassNotFoundException'{0x0000000087f2db60}: sun/util/logging/resources/spi/loggingProvider> (0x0000000087f2db60) 
thrown [s\src\hotspot\share\classfile\systemDictionary.cpp, line 256]
Event: 16.028 Thread 0x000002a861da10d0 Exception <a 'java/lang/NoSuchMethodError'{0x0000000082ef97f8}: 'java.lang.Object java.lang.invoke.Invokers$Holder.invoke_MT(java.lang.Object, java.lang.Object, java.lang.Object)'> (0x0000000082ef97f8) 
thrown [s\src\hotspot\share\interpreter\linkResolver.cpp, line 759]
Event: 31.329 Thread 0x000002a861da10d0 Exception <a 'java/lang/ClassNotFoundException'{0x0000000083472430}: sun/misc/SharedSecrets> (0x0000000083472430) 
thrown [s\src\hotspot\share\classfile\systemDictionary.cpp, line 256]
Event: 33.693 Thread 0x000002a861da10d0 Exception <a 'java/lang/NoSuchMethodError'{0x0000000082e3f7c8}: 'void java.lang.invoke.DirectMethodHandle$Holder.invokeInterface(java.lang.Object, java.lang.Object)'> (0x0000000082e3f7c8) 
thrown [s\src\hotspot\share\interpreter\linkResolver.cpp, line 759]
Event: 33.716 Thread 0x000002a861da10d0 Exception <a 'java/lang/ClassNotFoundException'{0x0000000082d1c5c0}: sun/awt/resources/spi/awtProvider> (0x0000000082d1c5c0) 
thrown [s\src\hotspot\share\classfile\systemDictionary.cpp, line 256]
Event: 33.721 Thread 0x000002a861da10d0 Exception <a 'java/io/FileNotFoundException'{0x0000000082d1f730}> (0x0000000082d1f730) 
thrown [s\src\hotspot\share\prims\jni.cpp, line 516]
Event: 33.721 Thread 0x000002a861da10d0 Exception <a 'java/io/FileNotFoundException'{0x0000000082d20f60}> (0x0000000082d20f60) 
thrown [s\src\hotspot\share\prims\jni.cpp, line 516]
Event: 46.625 Thread 0x000002a861da10d0 Implicit null exception at 0x000002a86cf7a558 to 0x000002a86cf7a5ea
Event: 55.240 Thread 0x000002a861da10d0 Exception <a 'java/lang/ClassNotFoundException'{0x0000000087dcf740}: com/sun/org/apache/xml/internal/serializer/spi/XMLEntitiesProvider> (0x0000000087dcf740) 
thrown [s\src\hotspot\share\classfile\systemDictionary.cpp, line 256]

VM Operations (20 events):
Event: 221.501 Executing VM operation: get/set locals done
Event: 221.501 Executing VM operation: get/set locals
Event: 221.501 Executing VM operation: get/set locals done
Event: 221.502 Executing VM operation: get/set locals
Event: 221.502 Executing VM operation: get/set locals done
Event: 221.502 Executing VM operation: get/set locals
Event: 221.502 Executing VM operation: get/set locals done
Event: 221.502 Executing VM operation: get/set locals
Event: 221.503 Executing VM operation: get/set locals done
Event: 221.503 Executing VM operation: get/set locals
Event: 221.503 Executing VM operation: get/set locals done
Event: 221.503 Executing VM operation: get/set locals
Event: 221.503 Executing VM operation: get/set locals done
Event: 221.504 Executing VM operation: get/set locals
Event: 221.504 Executing VM operation: get/set locals done
Event: 221.504 Executing VM operation: get/set locals
Event: 221.504 Executing VM operation: get/set locals done
Event: 221.505 Executing VM operation: get/set locals
Event: 221.505 Executing VM operation: get/set locals done
Event: 246.022 Executing VM operation: RedefineClasses

Events (20 events):
Event: 98.274 Thread 0x000002a85fbae790 Thread added: 0x000002a85fbae790
Event: 100.824 Thread 0x000002a85fbae790 Thread exited: 0x000002a85fbae790
Event: 101.115 Thread 0x000002a85fbae790 Thread added: 0x000002a85fbae790
Event: 101.523 Thread 0x000002a85fbae790 Thread exited: 0x000002a85fbae790
Event: 101.535 Thread 0x000002a85fbae790 Thread added: 0x000002a85fbae790
Event: 101.721 Thread 0x000002a85fbae790 Thread exited: 0x000002a85fbae790
Event: 105.831 Thread 0x000002a85fbae790 Thread added: 0x000002a85fbae790
Event: 106.795 Thread 0x000002a85fbae790 Thread exited: 0x000002a85fbae790
Event: 108.017 Thread 0x000002a87f12a620 Thread added: 0x000002a87f12a620
Event: 108.287 Thread 0x000002a87f12a620 Thread exited: 0x000002a87f12a620
Event: 114.468 Thread 0x000002a87c1ef8d0 Thread added: 0x000002a87c1ef8d0
Event: 114.825 Thread 0x000002a87c1ef8d0 Thread exited: 0x000002a87c1ef8d0
Event: 122.247 Thread 0x000002a87d259570 Thread exited: 0x000002a87d259570
Event: 150.362 Thread 0x000002a87dde1470 Thread added: 0x000002a87dde1470
Event: 151.386 Thread 0x000002a87dde1470 Thread exited: 0x000002a87dde1470
Event: 165.227 Thread 0x000002a87dde0600 Thread added: 0x000002a87dde0600
Event: 166.246 Thread 0x000002a87dde0600 Thread exited: 0x000002a87dde0600
Event: 182.250 Thread 0x000002a87d2590a0 Thread exited: 0x000002a87d2590a0
Event: 238.612 Thread 0x000002a87dddaa90 Thread added: 0x000002a87dddaa90
Event: 239.773 Thread 0x000002a87dddaa90 Thread exited: 0x000002a87dddaa90


Dynamic libraries:
0x00007ff6e0cb0000 - 0x00007ff6e0cbe000 	C:\Users\parthshah\.p2\pool\plugins\org.eclipse.justj.openjdk.hotspot.jre.full.win32.x86_64_17.0.5.v20221102-0933\jre\bin\javaw.exe
0x00007ff84c110000 - 0x00007ff84c308000 	C:\WINDOWS\SYSTEM32\ntdll.dll
0x00007ff84bf00000 - 0x00007ff84bfbf000 	C:\WINDOWS\System32\KERNEL32.DLL
0x00007ff849a30000 - 0x00007ff849d02000 	C:\WINDOWS\System32\KERNELBASE.dll
0x00007ff84a020000 - 0x00007ff84a120000 	C:\WINDOWS\System32\ucrtbase.dll
0x00007ff842850000 - 0x00007ff842867000 	C:\Users\parthshah\.p2\pool\plugins\org.eclipse.justj.openjdk.hotspot.jre.full.win32.x86_64_17.0.5.v20221102-0933\jre\bin\jli.dll
0x00007ff8360b0000 - 0x00007ff8360c9000 	C:\Users\parthshah\.p2\pool\plugins\org.eclipse.justj.openjdk.hotspot.jre.full.win32.x86_64_17.0.5.v20221102-0933\jre\bin\VCRUNTIME140.dll
0x00007ff84adf0000 - 0x00007ff84af91000 	C:\WINDOWS\System32\USER32.dll
0x00007ff849d10000 - 0x00007ff849d32000 	C:\WINDOWS\System32\win32u.dll
0x00007ff84a650000 - 0x00007ff84a67b000 	C:\WINDOWS\System32\GDI32.dll
0x00007ff83bb00000 - 0x00007ff83bd9a000 	C:\WINDOWS\WinSxS\amd64_microsoft.windows.common-controls_6595b64144ccf1df_6.0.19041.1110_none_60b5254171f9507e\COMCTL32.dll
0x00007ff849d40000 - 0x00007ff849e4f000 	C:\WINDOWS\System32\gdi32full.dll
0x00007ff84a4d0000 - 0x00007ff84a56e000 	C:\WINDOWS\System32\msvcrt.dll
0x00007ff849850000 - 0x00007ff8498ed000 	C:\WINDOWS\System32\msvcp_win.dll
0x00007ff84b7e0000 - 0x00007ff84b812000 	C:\WINDOWS\System32\IMM32.DLL
0x00007ff842840000 - 0x00007ff84284c000 	C:\Users\parthshah\.p2\pool\plugins\org.eclipse.justj.openjdk.hotspot.jre.full.win32.x86_64_17.0.5.v20221102-0933\jre\bin\vcruntime140_1.dll
0x00007ff81cea0000 - 0x00007ff81cf31000 	C:\Users\parthshah\.p2\pool\plugins\org.eclipse.justj.openjdk.hotspot.jre.full.win32.x86_64_17.0.5.v20221102-0933\jre\bin\msvcp140.dll
0x00007ff8156e0000 - 0x00007ff816324000 	C:\Users\parthshah\.p2\pool\plugins\org.eclipse.justj.openjdk.hotspot.jre.full.win32.x86_64_17.0.5.v20221102-0933\jre\bin\server\jvm.dll
0x00007ff84a420000 - 0x00007ff84a4ce000 	C:\WINDOWS\System32\ADVAPI32.dll
0x00007ff84bc50000 - 0x00007ff84bcec000 	C:\WINDOWS\System32\sechost.dll
0x00007ff84aca0000 - 0x00007ff84adc5000 	C:\WINDOWS\System32\RPCRT4.dll
0x00007ff82d0c0000 - 0x00007ff82d0c9000 	C:\WINDOWS\SYSTEM32\WSOCK32.dll
0x00007ff842170000 - 0x00007ff84217a000 	C:\WINDOWS\SYSTEM32\VERSION.dll
0x00007ff83f910000 - 0x00007ff83f937000 	C:\WINDOWS\SYSTEM32\WINMM.dll
0x00007ff84be30000 - 0x00007ff84be9b000 	C:\WINDOWS\System32\WS2_32.dll
0x00007ff8475d0000 - 0x00007ff8475e2000 	C:\WINDOWS\SYSTEM32\kernel.appcore.dll
0x00007ff837640000 - 0x00007ff83764a000 	C:\Users\parthshah\.p2\pool\plugins\org.eclipse.justj.openjdk.hotspot.jre.full.win32.x86_64_17.0.5.v20221102-0933\jre\bin\jimage.dll
0x00007ff838a30000 - 0x00007ff838c14000 	C:\WINDOWS\SYSTEM32\DBGHELP.DLL
0x00007ff838750000 - 0x00007ff838785000 	C:\WINDOWS\SYSTEM32\dbgcore.DLL
0x00007ff8498f0000 - 0x00007ff849972000 	C:\WINDOWS\System32\bcryptPrimitives.dll
0x00007ff835cb0000 - 0x00007ff835ceb000 	C:\Users\parthshah\.p2\pool\plugins\org.eclipse.justj.openjdk.hotspot.jre.full.win32.x86_64_17.0.5.v20221102-0933\jre\bin\jdwp.dll
0x00007ff82cac0000 - 0x00007ff82cae5000 	C:\Users\parthshah\.p2\pool\plugins\org.eclipse.justj.openjdk.hotspot.jre.full.win32.x86_64_17.0.5.v20221102-0933\jre\bin\java.dll
0x00007ff82b500000 - 0x00007ff82b518000 	C:\Users\parthshah\.p2\pool\plugins\org.eclipse.justj.openjdk.hotspot.jre.full.win32.x86_64_17.0.5.v20221102-0933\jre\bin\zip.dll
0x00007ff84b000000 - 0x00007ff84b745000 	C:\WINDOWS\System32\SHELL32.dll
0x00007ff8478e0000 - 0x00007ff848072000 	C:\WINDOWS\SYSTEM32\windows.storage.dll
0x00007ff84b820000 - 0x00007ff84bb75000 	C:\WINDOWS\System32\combase.dll
0x00007ff849180000 - 0x00007ff8491b0000 	C:\WINDOWS\SYSTEM32\Wldp.dll
0x00007ff84c020000 - 0x00007ff84c0cd000 	C:\WINDOWS\System32\SHCORE.dll
0x00007ff84a290000 - 0x00007ff84a2e5000 	C:\WINDOWS\System32\shlwapi.dll
0x00007ff849740000 - 0x00007ff84975f000 	C:\WINDOWS\SYSTEM32\profapi.dll
0x00007ff835d90000 - 0x00007ff835d9c000 	C:\Users\parthshah\.p2\pool\plugins\org.eclipse.justj.openjdk.hotspot.jre.full.win32.x86_64_17.0.5.v20221102-0933\jre\bin\dt_socket.dll
0x00007ff848bd0000 - 0x00007ff848c0b000 	C:\WINDOWS\SYSTEM32\IPHLPAPI.DLL
0x00007ff848ee0000 - 0x00007ff848f4a000 	C:\WINDOWS\system32\mswsock.dll
0x00007ff848c10000 - 0x00007ff848cdb000 	C:\WINDOWS\SYSTEM32\DNSAPI.dll
0x00007ff84add0000 - 0x00007ff84add8000 	C:\WINDOWS\System32\NSI.dll
0x00007ff841cf0000 - 0x00007ff841cfa000 	C:\Windows\System32\rasadhlp.dll
0x00007ff8418f0000 - 0x00007ff841970000 	C:\WINDOWS\System32\fwpuclnt.dll
0x00007ff84a120000 - 0x00007ff84a147000 	C:\WINDOWS\System32\bcrypt.dll
0x00007ff82ad40000 - 0x00007ff82ad59000 	C:\Users\parthshah\.p2\pool\plugins\org.eclipse.justj.openjdk.hotspot.jre.full.win32.x86_64_17.0.5.v20221102-0933\jre\bin\net.dll
0x00007ff843bf0000 - 0x00007ff843cfc000 	C:\WINDOWS\SYSTEM32\WINHTTP.dll
0x00007ff829c40000 - 0x00007ff829c55000 	C:\Users\parthshah\.p2\pool\plugins\org.eclipse.justj.openjdk.hotspot.jre.full.win32.x86_64_17.0.5.v20221102-0933\jre\bin\nio.dll
0x00007ff8490d0000 - 0x00007ff8490e8000 	C:\WINDOWS\SYSTEM32\CRYPTSP.dll
0x00007ff848800000 - 0x00007ff848834000 	C:\WINDOWS\system32\rsaenh.dll
0x00007ff849700000 - 0x00007ff84972e000 	C:\WINDOWS\SYSTEM32\USERENV.dll
0x00007ff8490f0000 - 0x00007ff8490fc000 	C:\WINDOWS\SYSTEM32\CRYPTBASE.dll
0x00007ff844240000 - 0x00007ff844257000 	C:\WINDOWS\SYSTEM32\dhcpcsvc6.DLL
0x00007ff8446a0000 - 0x00007ff8446bd000 	C:\WINDOWS\SYSTEM32\dhcpcsvc.DLL
0x00007ff8344e0000 - 0x00007ff8344f0000 	C:\Users\parthshah\.p2\pool\plugins\org.eclipse.justj.openjdk.hotspot.jre.full.win32.x86_64_17.0.5.v20221102-0933\jre\bin\verify.dll
0x00007ff836e90000 - 0x00007ff836ea7000 	C:\WINDOWS\system32\napinsp.dll
0x00007ff836bd0000 - 0x00007ff836beb000 	C:\WINDOWS\system32\pnrpnsp.dll
0x00007ff836110000 - 0x00007ff836125000 	C:\WINDOWS\system32\wshbth.dll
0x00007ff844850000 - 0x00007ff84486d000 	C:\WINDOWS\system32\NLAapi.dll
0x00007ff835f40000 - 0x00007ff835f52000 	C:\WINDOWS\System32\winrnr.dll
0x00007ff835d60000 - 0x00007ff835d69000 	C:\Users\parthshah\.p2\pool\plugins\org.eclipse.justj.openjdk.hotspot.jre.full.win32.x86_64_17.0.5.v20221102-0933\jre\bin\prefs.dll
0x00007ff82e780000 - 0x00007ff82e78e000 	C:\Users\parthshah\.p2\pool\plugins\org.eclipse.justj.openjdk.hotspot.jre.full.win32.x86_64_17.0.5.v20221102-0933\jre\bin\sunmscapi.dll
0x00007ff849ec0000 - 0x00007ff84a016000 	C:\WINDOWS\System32\CRYPT32.dll
0x00007ff8491f0000 - 0x00007ff849217000 	C:\WINDOWS\SYSTEM32\ncrypt.dll
0x00007ff8491b0000 - 0x00007ff8491eb000 	C:\WINDOWS\SYSTEM32\NTASN1.dll
0x00007ff8185f0000 - 0x00007ff81877e000 	C:\Users\parthshah\.p2\pool\plugins\org.eclipse.justj.openjdk.hotspot.jre.full.win32.x86_64_17.0.5.v20221102-0933\jre\bin\awt.dll
0x00007ff84bb80000 - 0x00007ff84bc4d000 	C:\WINDOWS\System32\OLEAUT32.dll
0x00007ff847080000 - 0x00007ff847110000 	C:\WINDOWS\SYSTEM32\apphelp.dll
0x00007ff8475f0000 - 0x00007ff84761f000 	C:\WINDOWS\system32\DWMAPI.DLL
0x00007ff8473f0000 - 0x00007ff84748e000 	C:\WINDOWS\system32\uxtheme.dll
0x00007ff822000000 - 0x00007ff822125000 	C:\WINDOWS\system32\opengl32.dll
0x00007ff821fd0000 - 0x00007ff821ffc000 	C:\WINDOWS\SYSTEM32\GLU32.dll
0x00007ff84bd10000 - 0x00007ff84be25000 	C:\WINDOWS\System32\MSCTF.dll
0x00007ff84a2f0000 - 0x00007ff84a41a000 	C:\WINDOWS\System32\ole32.dll

dbghelp: loaded successfully - version: 4.0.5 - missing functions: none
symbol engine: initialized successfully - sym options: 0x614 - pdb path: .;C:\Users\parthshah\.p2\pool\plugins\org.eclipse.justj.openjdk.hotspot.jre.full.win32.x86_64_17.0.5.v20221102-0933\jre\bin;C:\WINDOWS\SYSTEM32;C:\WINDOWS\WinSxS\amd64_microsoft.windows.common-controls_6595b64144ccf1df_6.0.19041.1110_none_60b5254171f9507e;C:\Users\parthshah\.p2\pool\plugins\org.eclipse.justj.openjdk.hotspot.jre.full.win32.x86_64_17.0.5.v20221102-0933\jre\bin\server

VM Arguments:
jvm_args: -XX:+ShowCodeDetailsInExceptionMessages -agentlib:jdwp=transport=dt_socket,suspend=y,address=localhost:53003 -ea -Dapplication.properties=\src\main\resources\config.properties -Dfile.encoding=UTF-8 
java_command: org.testng.remote.RemoteTestNG -serport 53002 -protocol json -d D:\samyak\Parth\Connect\test-output C:\Users\PARTHS~1\AppData\Local\Temp\testng-eclipse--844668465\testng-customsuite.xml
java_class_path (initial): C:\Users\parthshah\eclipse\java-2022-09\eclipse\configuration\org.eclipse.osgi\440\0\.cp\lib\testng-remote.jar;D:\samyak\Parth\Connect\target\test-classes;D:\samyak\Parth\Connect\target\classes;C:\Users\parthshah\.p2\pool\plugins\org.testng_7.4.0.r202105021533.jar;C:\Users\parthshah\.p2\pool\plugins\com.beust.jcommander_1.78.0.jar;C:\Users\parthshah\.p2\pool\plugins\org.apache-extras.beanshell.bsh_2.0.0.b6.jar;C:\Users\parthshah\.p2\pool\plugins\org.yaml.snakeyaml_1.27.0.v20201111-1638.jar;C:\Users\parthshah\.p2\pool\plugins\org.webjars.jquery_3.5.1.jar;C:\Users\parthshah\.m2\repository\org\seleniumhq\selenium\selenium-server\3.141.59\selenium-server-3.141.59.jar;C:\Users\parthshah\.m2\repository\com\beust\jcommander\1.72\jcommander-1.72.jar;C:\Users\parthshah\.m2\repository\net\bytebuddy\byte-buddy\1.8.15\byte-buddy-1.8.15.jar;C:\Users\parthshah\.m2\repository\org\apache\commons\commons-exec\1.3\commons-exec-1.3.jar;C:\Users\parthshah\.m2\repository\net\jcip\jcip-annotations\1.0\jcip-annotations-1.0.jar;C:\Users\parthshah\.m2\repository\org\seleniumhq\selenium\jetty-repacked\9.4.12.v20180830\jetty-repacked-9.4.12.v20180830.jar;C:\Users\parthshah\.m2\repository\com\squareup\okhttp3\okhttp\3.11.0\okhttp-3.11.0.jar;C:\Users\parthshah\.m2\repository\com\squareup\okio\okio\1.14.0\okio-1.14.0.jar;C:\Users\parthshah\.m2\repository\javax\servlet\javax.servlet-api\3.1.0\javax.servlet-api-3.1.0.jar;C:\Users\parthshah\.m2\repository\org\yaml\snakeyaml\1.19\snakeyaml-1.19.jar;C:\Users\parthshah\.m2\repository\org\apache\poi\poi-ooxml\3.17\poi-ooxml-3.17.jar;C:\Users\parthshah\.m2\repository\com\github\virtuald\curvesapi\1.04\curvesapi-1.04.jar;C:\Users\parthshah\.m2\repository\org\apache\poi\poi\3.17\poi-3.17.jar;C:\Users\parthshah\.m2\repository\commons-codec\commons-codec\1.10\commons-codec-1.10.jar;C:\Users\parthshah\.m2\repository\org\apache\commons\commons-collections4\4.1\commons-collections4-4.1.jar;C:\Users\parthshah\.m2\repository\org\apac
Launcher Type: SUN_STANDARD

[Global flags]
     intx CICompilerCount                          = 3                                         {product} {ergonomic}
     uint ConcGCThreads                            = 1                                         {product} {ergonomic}
     uint G1ConcRefinementThreads                  = 4                                         {product} {ergonomic}
   size_t G1HeapRegionSize                         = 1048576                                   {product} {ergonomic}
    uintx GCDrainStackTargetSize                   = 64                                        {product} {ergonomic}
   size_t InitialHeapSize                          = 134217728                                 {product} {ergonomic}
   size_t MarkStackSize                            = 4194304                                   {product} {ergonomic}
   size_t MaxHeapSize                              = 2128609280                                {product} {ergonomic}
   size_t MaxNewSize                               = 1277165568                                {product} {ergonomic}
   size_t MinHeapDeltaBytes                        = 1048576                                   {product} {ergonomic}
   size_t MinHeapSize                              = 8388608                                   {product} {ergonomic}
    uintx NonNMethodCodeHeapSize                   = 5832780                                {pd product} {ergonomic}
    uintx NonProfiledCodeHeapSize                  = 122912730                              {pd product} {ergonomic}
    uintx ProfiledCodeHeapSize                     = 122912730                              {pd product} {ergonomic}
    uintx ReservedCodeCacheSize                    = 251658240                              {pd product} {ergonomic}
     bool SegmentedCodeCache                       = true                                      {product} {ergonomic}
     bool ShowCodeDetailsInExceptionMessages       = true                                   {manageable} {command line}
   size_t SoftMaxHeapSize                          = 2128609280                             {manageable} {ergonomic}
     bool UseCompressedClassPointers               = true                           {product lp64_product} {ergonomic}
     bool UseCompressedOops                        = true                           {product lp64_product} {ergonomic}
     bool UseG1GC                                  = true                                      {product} {ergonomic}
     bool UseLargePagesIndividualAllocation        = false                                  {pd product} {ergonomic}

Logging:
Log output configuration:
 #0: stdout all=warning uptime,level,tags
 #1: stderr all=off uptime,level,tags

Environment Variables:
JAVA_HOME=C:\Program Files\Java\jdk-19
CLASSPATH=C:\Program Files\Java\jdk-19\bin
PATH=C:\Users\parthshah\.p2\pool\plugins\org.eclipse.justj.openjdk.hotspot.jre.full.win32.x86_64_17.0.5.v20221102-0933\jre\bin;C:/Users/parthshah/.p2/pool/plugins/org.eclipse.justj.openjdk.hotspot.jre.full.win32.x86_64_17.0.5.v20221102-0933/jre/bin/server;C:/Users/parthshah/.p2/pool/plugins/org.eclipse.justj.openjdk.hotspot.jre.full.win32.x86_64_17.0.5.v20221102-0933/jre/bin;C:\Program Files\Common Files\Oracle\Java\javapath;C:\ProgramData\Oracle\Java\javapath;C:\WINDOWS\system32;C:\WINDOWS;C:\WINDOWS\System32\Wbem;C:\WINDOWS\System32\WindowsPowerShell\v1.0\;C:\Program Files\Microsoft SQL Server\130\Tools\Binn\;C:\Program Files (x86)\Microsoft SQL Server\Client SDK\ODBC\110\Tools\Binn\;C:\Program Files (x86)\Microsoft SQL Server\120\Tools\Binn\ManagementStudio\;C:\Program Files (x86)\Microsoft SQL Server\120\Tools\Binn\;C:\Program Files (x86)\Microsoft SQL Server\120\DTS\Binn\;C:\WINDOWS\System32\OpenSSH\;C:\Program Files (x86)\Microsoft SQL Server\140\Tools\Binn\;C:\Program Files\Microsoft SQL Server\140\Tools\Binn\;C:\Program Files (x86)\Microsoft SQL Server\140\DTS\Binn\;C:\Program Files\Microsoft SQL Server\140\DTS\Binn\;C:\Program Files\nodejs\;C:\Program Files\dotnet\;%MAVEN_HOME%\bin;C:\Program Files\Git\cmd;C:\Program Files\Java\jdk-9.0.1;C:\Users\parthshah\Desktop;
USERNAME=parthshah
OS=Windows_NT
PROCESSOR_IDENTIFIER=Intel64 Family 6 Model 60 Stepping 3, GenuineIntel
TMP=C:\Users\PARTHS~1\AppData\Local\Temp
TEMP=C:\Users\PARTHS~1\AppData\Local\Temp



---------------  S Y S T E M  ---------------

OS:
 Windows 10 , 64 bit Build 19041 (10.0.19041.2546)
OS uptime: 1 days 6:06 hours

CPU: total 4 (initial active 4) (4 cores per cpu, 1 threads per core) family 6 model 60 stepping 3 microcode 0x27, cx8, cmov, fxsr, mmx, sse, sse2, sse3, ssse3, sse4.1, sse4.2, popcnt, lzcnt, tsc, tscinvbit, avx, avx2, aes, erms, clmul, bmi1, bmi2, fma, vzeroupper, clflush

Memory: 4k page, system-wide physical 8117M (1424M free)
TotalPageFile size 15541M (AvailPageFile size 6667M)
current process WorkingSet (physical memory assigned to process): 149M, peak: 193M
current process commit charge ("private bytes"): 168M, peak: 237M

vm_info: OpenJDK 64-Bit Server VM (17.0.5+8) for windows-amd64 JRE (17.0.5+8), built on Oct 19 2022 04:48:13 by "temurin" with MS VC++ 16.7 (VS2019)

END.
