#
# A fatal error has been detected by the Java Runtime Environment:
#
#  EXCEPTION_ACCESS_VIOLATION (0xc0000005) at pc=0x00007ffede4c5b8c, pid=22900, tid=17776
#
# JRE version: OpenJDK Runtime Environment (16.0.2+7) (build 16.0.2+7-67)
# Java VM: OpenJDK 64-Bit Server VM (16.0.2+7-67, mixed mode, tiered, compressed oops, compressed class ptrs, g1 gc, windows-amd64)
# Problematic frame:
# V  [jvm.dll+0x6e5b8c]
#
# No core dump will be written. Minidumps are not enabled by default on client versions of Windows
#
# If you would like to submit a bug report, please visit:
#   https://bugreport.java.com/bugreport/crash.jsp
#

---------------  S U M M A R Y ------------

Command Line: -XX:+ShowCodeDetailsInExceptionMessages -agentlib:jdwp=transport=dt_socket,suspend=y,address=localhost:58591 -ea -Dapplication.properties=\src\main\resources\config.properties -Dfile.encoding=windows-1252 org.testng.remote.RemoteTestNG -serport 58589 -protocol json -d C:\Users\rprajapati\git\ConnectMaven\Connect\test-output C:\Users\RPRAJA~1\AppData\Local\Temp\testng-eclipse-75229098\testng-customsuite.xml

Host: Intel(R) Core(TM) i5-8265U CPU @ 1.60GHz, 8 cores, 7G,  Windows 10 , 64 bit Build 19041 (10.0.19041.2364)
Time: Wed Jan 25 15:07:23 2023 India Standard Time elapsed time: 710.190709 seconds (0d 0h 11m 50s)

---------------  T H R E A D  ---------------

Current thread (0x00000219c2531980):  VMThread "VM Thread" [stack: 0x000000a094c00000,0x000000a094d00000] [id=17776]

Stack: [0x000000a094c00000,0x000000a094d00000],  sp=0x000000a094cfec70,  free space=1019k
Native frames: (J=compiled Java code, j=interpreted, Vv=VM code, C=native code)
V  [jvm.dll+0x6e5b8c]
V  [jvm.dll+0x32cf6f]
V  [jvm.dll+0x32f0b5]
V  [jvm.dll+0x32f72e]
V  [jvm.dll+0x32cdaf]
V  [jvm.dll+0x32c037]
V  [jvm.dll+0x656cce]
V  [jvm.dll+0x6569d3]
V  [jvm.dll+0x61c1e8]
V  [jvm.dll+0x7c18f5]
V  [jvm.dll+0x520446]
V  [jvm.dll+0x7d00ab]
V  [jvm.dll+0x7d0da4]
V  [jvm.dll+0x7d12a9]
V  [jvm.dll+0x7d1564]
V  [jvm.dll+0x7d1630]
V  [jvm.dll+0x7795aa]
V  [jvm.dll+0x667066]
C  [ucrtbase.dll+0x21bb2]
C  [KERNEL32.DLL+0x17614]
C  [ntdll.dll+0x526a1]


siginfo: EXCEPTION_ACCESS_VIOLATION (0xc0000005), reading address 0x0000000000000004


Register to memory mapping:

RIP=0x00007ffede4c5b8c jvm.dll
RAX=0x0 is NULL
RBX=0x0 is NULL
RCX=0x000000a094cfec90 points into unknown readable memory: 0x0000000000000000 | 00 00 00 00 00 00 00 00
RDX=0x000000000000ab4c is an unknown value
RSP=0x000000a094cfec70 points into unknown readable memory: 0x000000a094cfedd0 | d0 ed cf 94 a0 00 00 00
RBP=0x000000a094cfedd0 points into unknown readable memory: 0xffffffffffffffff | ff ff ff ff ff ff ff ff
RSI=0x0 is NULL
RDI=0x000000a094cff3e0 points into unknown readable memory: 0x00007ffede712218 | 18 22 71 de fe 7f 00 00
R8 =0x0 is NULL
R9 =0x00000219c5203248 is pointing into metadata
R10=0x0 is NULL
R11=0x0 is NULL
R12=0x00007ffeddde0000 jvm.dll
R13=0x00000219c3d8c790 points into unknown readable memory: 0x000000008274f200 | 00 f2 74 82 00 00 00 00
R14=0x000000a094cfed00 points into unknown readable memory: 0x0000000000000000 | 00 00 00 00 00 00 00 00
R15=0x00000000000000ba is an unknown value


Registers:
RAX=0x0000000000000000, RBX=0x0000000000000000, RCX=0x000000a094cfec90, RDX=0x000000000000ab4c
RSP=0x000000a094cfec70, RBP=0x000000a094cfedd0, RSI=0x0000000000000000, RDI=0x000000a094cff3e0
R8 =0x0000000000000000, R9 =0x00000219c5203248, R10=0x0000000000000000, R11=0x0000000000000000
R12=0x00007ffeddde0000, R13=0x00000219c3d8c790, R14=0x000000a094cfed00, R15=0x00000000000000ba
RIP=0x00007ffede4c5b8c, EFLAGS=0x0000000000010246

Top of Stack: (sp=0x000000a094cfec70)
0x000000a094cfec70:   000000a094cfedd0 0000000000000000
0x000000a094cfec80:   000000a094cff3e0 000000a094cfec48
0x000000a094cfec90:   0000000000000000 00007ffede01a3de
0x000000a094cfeca0:   000000a094cfed28 0000000000000000
0x000000a094cfecb0:   00000219c23d7880 0000000000000000
0x000000a094cfecc0:   00000219c5203adc 00007ffede10cf6f
0x000000a094cfecd0:   0000000000000000 0000000000000000
0x000000a094cfece0:   0000000000000000 00000219c40f0688
0x000000a094cfecf0:   00000000024afa98 00007ffeddff0232
0x000000a094cfed00:   0000000000000000 00007ffe00000063
0x000000a094cfed10:   0000000000000000 000000a094cfed58
0x000000a094cfed20:   0000000000000000 00000219c23ddab0
0x000000a094cfed30:   0000000400000003 0000000000000004
0x000000a094cfed40:   000000030000000e 00000219c23d7880
0x000000a094cfed50:   0000000000000000 0000000000000000
0x000000a094cfed60:   000000a094cff4b0 00007ffede4c4fb2 

Instructions: (pc=0x00007ffede4c5b8c)
0x00007ffede4c5a8c:   47 1c 03 00 00 00 44 89 47 0c 44 89 47 08 44 3b
0x00007ffede4c5a9c:   c3 7c 17 c7 47 1c ff ff ff ff 48 8b 5c 24 30 48
0x00007ffede4c5aac:   8b 74 24 38 48 83 c4 20 5f c3 0f be 4c 30 07 e8
0x00007ffede4c5abc:   80 fc ff ff 48 83 c6 06 89 47 18 83 e8 0c 74 50
0x00007ffede4c5acc:   83 f8 01 75 34 49 63 c0 48 3b c3 7d 18 0f 1f 80
0x00007ffede4c5adc:   00 00 00 00 80 3c 30 5b 75 0b 41 ff c0 48 ff c0
0x00007ffede4c5aec:   48 3b c3 7c ef 49 63 c8 41 8b c0 2b 47 0c 48 03
0x00007ffede4c5afc:   ce 89 47 14 80 39 4c 74 1d 41 8d 58 01 89 5f 0c
0x00007ffede4c5b0c:   48 8b 5c 24 30 48 8b 74 24 38 48 83 c4 20 5f c3
0x00007ffede4c5b1c:   49 63 c8 48 03 ce 8b c3 ba 3b 00 00 00 41 2b c0
0x00007ffede4c5b2c:   4c 63 c0 e8 9c f7 13 00 48 85 c0 74 06 8b d8 2b
0x00007ffede4c5b3c:   de ff c3 48 8b 74 24 38 89 5f 0c 48 8b 5c 24 30
0x00007ffede4c5b4c:   48 83 c4 20 5f c3 cc cc cc cc cc cc cc cc cc cc
0x00007ffede4c5b5c:   cc cc cc cc 41 56 48 83 ec 50 83 79 08 63 4c 8b
0x00007ffede4c5b6c:   f1 0f 85 d3 00 00 00 48 8b 01 48 8d 4c 24 20 48
0x00007ffede4c5b7c:   89 44 24 20 48 89 5c 24 60 33 db 48 89 74 24 68
0x00007ffede4c5b8c:   0f b7 40 04 89 44 24 30 48 8b 05 cd fd 40 00 48
0x00007ffede4c5b9c:   89 44 24 40 c7 44 24 3c 01 00 00 00 c7 44 24 2c
0x00007ffede4c5bac:   01 00 00 00 c7 44 24 28 01 00 00 00 89 5c 24 34
0x00007ffede4c5bbc:   48 89 5c 24 48 e8 7a fe ff ff 48 8d 4c 24 20 e8
0x00007ffede4c5bcc:   b0 00 00 00 8b 44 24 38 48 8b 4c 24 40 41 89 46
0x00007ffede4c5bdc:   08 e8 0e e9 04 00 48 8b 74 24 48 48 85 f6 74 45
0x00007ffede4c5bec:   39 1e 7e 41 48 89 7c 24 70 8b fb 66 0f 1f 84 00
0x00007ffede4c5bfc:   00 00 00 00 48 8b 4e 08 48 8b 0c 39 e8 e3 e8 04
0x00007ffede4c5c0c:   00 ff c3 48 8d 7f 08 3b 1e 7c e9 41 8b 46 08 48
0x00007ffede4c5c1c:   8b 7c 24 70 48 8b 5c 24 60 48 8b 74 24 68 48 83
0x00007ffede4c5c2c:   c4 50 41 5e c3 41 8b 46 08 48 8b 5c 24 60 48 8b
0x00007ffede4c5c3c:   74 24 68 48 83 c4 50 41 5e c3 8b 41 08 48 83 c4
0x00007ffede4c5c4c:   50 41 5e c3 48 8d 42 ff 48 83 f8 fd 77 14 48 3b
0x00007ffede4c5c5c:   51 10 74 19 48 89 51 10 48 d1 ea 83 e2 0f 89 51
0x00007ffede4c5c6c:   08 c3 48 89 51 10 c7 41 08 63 00 00 00 c3 cc cc
0x00007ffede4c5c7c:   cc cc cc cc 40 53 48 83 ec 20 8b 41 1c 48 8b d9 


Stack slot to memory mapping:
stack at sp + 0 slots: 0x000000a094cfedd0 points into unknown readable memory: 0xffffffffffffffff | ff ff ff ff ff ff ff ff
stack at sp + 1 slots: 0x0 is NULL
stack at sp + 2 slots: 0x000000a094cff3e0 points into unknown readable memory: 0x00007ffede712218 | 18 22 71 de fe 7f 00 00
stack at sp + 3 slots: 0x000000a094cfec48 points into unknown readable memory: 0x6f4e202020202000 | 00 20 20 20 20 20 4e 6f
stack at sp + 4 slots: 0x0 is NULL
stack at sp + 5 slots: 0x00007ffede01a3de jvm.dll
stack at sp + 6 slots: 0x000000a094cfed28 points into unknown readable memory: 0x00000219c23ddab0 | b0 da 3d c2 19 02 00 00
stack at sp + 7 slots: 0x0 is NULL

VM_Operation (0x000000a0956ff5d0): get/set locals, mode: safepoint, requested by thread 0x00000219c31c90e0


---------------  P R O C E S S  ---------------

Threads class SMR info:
_java_thread_list=0x00000219c4c6aff0, length=23, elements={
0x00000219a677fb40, 0x00000219c254a030, 0x00000219c254aef0, 0x00000219c302c230,
0x00000219c302fb60, 0x00000219c3030b70, 0x00000219c3031780, 0x00000219c303ec90,
0x00000219c303f780, 0x00000219c30427e0, 0x00000219c31c90e0, 0x00000219c31cadf0,
0x00000219c31df010, 0x00000219c31c2810, 0x00000219c31c2d60, 0x00000219c31c47f0,
0x00000219c31c5d30, 0x00000219c31c3800, 0x00000219c31c42a0, 0x00000219c31c5290,
0x00000219c31c57e0, 0x00000219c675de60, 0x00000219c675c3d0
}

Java Threads: ( => current thread )
  0x00000219a677fb40 JavaThread "main" [_thread_blocked, id=16080, stack(0x000000a094600000,0x000000a094700000)]
  0x00000219c254a030 JavaThread "Reference Handler" daemon [_thread_blocked, id=8968, stack(0x000000a094d00000,0x000000a094e00000)]
  0x00000219c254aef0 JavaThread "Finalizer" daemon [_thread_blocked, id=23016, stack(0x000000a094e00000,0x000000a094f00000)]
  0x00000219c302c230 JavaThread "Signal Dispatcher" daemon [_thread_blocked, id=13820, stack(0x000000a094f00000,0x000000a095000000)]
  0x00000219c302fb60 JavaThread "Attach Listener" daemon [_thread_blocked, id=16652, stack(0x000000a095000000,0x000000a095100000)]
  0x00000219c3030b70 JavaThread "Service Thread" daemon [_thread_blocked, id=11908, stack(0x000000a095100000,0x000000a095200000)]
  0x00000219c3031780 JavaThread "Monitor Deflation Thread" daemon [_thread_blocked, id=4008, stack(0x000000a095200000,0x000000a095300000)]
  0x00000219c303ec90 JavaThread "C2 CompilerThread0" daemon [_thread_blocked, id=9656, stack(0x000000a095300000,0x000000a095400000)]
  0x00000219c303f780 JavaThread "C1 CompilerThread0" daemon [_thread_blocked, id=18268, stack(0x000000a095400000,0x000000a095500000)]
  0x00000219c30427e0 JavaThread "Sweeper thread" daemon [_thread_blocked, id=19156, stack(0x000000a095500000,0x000000a095600000)]
  0x00000219c31c90e0 JavaThread "JDWP Transport Listener: dt_socket" daemon [_thread_blocked, id=21788, stack(0x000000a095600000,0x000000a095700000)]
  0x00000219c31cadf0 JavaThread "JDWP Event Helper Thread" daemon [_thread_blocked, id=21840, stack(0x000000a095700000,0x000000a095800000)]
  0x00000219c31df010 JavaThread "JDWP Command Reader" daemon [_thread_in_native, id=11784, stack(0x000000a095800000,0x000000a095900000)]
  0x00000219c31c2810 JavaThread "Notification Thread" daemon [_thread_blocked, id=4044, stack(0x000000a095900000,0x000000a095a00000)]
  0x00000219c31c2d60 JavaThread "Common-Cleaner" daemon [_thread_blocked, id=18416, stack(0x000000a095b00000,0x000000a095c00000)]
  0x00000219c31c47f0 JavaThread "ReaderThread" [_thread_in_native, id=12040, stack(0x000000a095e00000,0x000000a095f00000)]
  0x00000219c31c5d30 JavaThread "Exec Default Executor" daemon [_thread_in_native, id=8856, stack(0x000000a096a00000,0x000000a096b00000)]
  0x00000219c31c3800 JavaThread "Exec Stream Pumper" daemon [_thread_in_native, id=16808, stack(0x000000a096c00000,0x000000a096d00000)]
  0x00000219c31c42a0 JavaThread "Exec Stream Pumper" daemon [_thread_in_native, id=20312, stack(0x000000a096d00000,0x000000a096e00000)]
  0x00000219c31c5290 JavaThread "OkHttp ConnectionPool" daemon [_thread_blocked, id=488, stack(0x000000a096f00000,0x000000a097000000)]
  0x00000219c31c57e0 JavaThread "Okio Watchdog" daemon [_thread_blocked, id=17616, stack(0x000000a097000000,0x000000a097100000)]
  0x00000219c675de60 JavaThread "Java2D Disposer" daemon [_thread_blocked, id=5984, stack(0x000000a096e00000,0x000000a096f00000)]
  0x00000219c675c3d0 JavaThread "AWT-Windows" daemon [_thread_in_native, id=20684, stack(0x000000a097200000,0x000000a097300000)]

Other Threads:
=>0x00000219c2531980 VMThread "VM Thread" [stack: 0x000000a094c00000,0x000000a094d00000] [id=17776]
  0x00000219c31e47f0 WatcherThread [stack: 0x000000a095a00000,0x000000a095b00000] [id=9852]
  0x00000219a67bee50 GCTaskThread "GC Thread#0" [stack: 0x000000a094700000,0x000000a094800000] [id=7292]
  0x00000219c40f07e0 GCTaskThread "GC Thread#1" [stack: 0x000000a095f00000,0x000000a096000000] [id=10140]
  0x00000219c43ddae0 GCTaskThread "GC Thread#2" [stack: 0x000000a096000000,0x000000a096100000] [id=15960]
  0x00000219c43dddf0 GCTaskThread "GC Thread#3" [stack: 0x000000a096100000,0x000000a096200000] [id=18656]
  0x00000219c42ccd70 GCTaskThread "GC Thread#4" [stack: 0x000000a096200000,0x000000a096300000] [id=4944]
  0x00000219c42cd080 GCTaskThread "GC Thread#5" [stack: 0x000000a096300000,0x000000a096400000] [id=21140]
  0x00000219c430d030 GCTaskThread "GC Thread#6" [stack: 0x000000a096400000,0x000000a096500000] [id=21872]
  0x00000219c430d340 GCTaskThread "GC Thread#7" [stack: 0x000000a096500000,0x000000a096600000] [id=9756]
  0x00000219a67cfc10 ConcurrentGCThread "G1 Main Marker" [stack: 0x000000a094800000,0x000000a094900000] [id=22984]
  0x00000219a67d0ea0 ConcurrentGCThread "G1 Conc#0" [stack: 0x000000a094900000,0x000000a094a00000] [id=7136]
  0x00000219c60183b0 ConcurrentGCThread "G1 Conc#1" [stack: 0x000000a096900000,0x000000a096a00000] [id=11760]
  0x00000219a684e300 ConcurrentGCThread "G1 Refine#0" [stack: 0x000000a094a00000,0x000000a094b00000] [id=15640]
  0x00000219c430d650 ConcurrentGCThread "G1 Refine#1" [stack: 0x000000a096600000,0x000000a096700000] [id=19256]
  0x00000219c3293680 ConcurrentGCThread "G1 Refine#2" [stack: 0x000000a096700000,0x000000a096800000] [id=7220]
  0x00000219c2380090 ConcurrentGCThread "G1 Service" [stack: 0x000000a094b00000,0x000000a094c00000] [id=2104]

Threads with active compile tasks:

VM state: at safepoint (normal execution)

VM Mutex/Monitor currently owned by a thread:  ([mutex/lock_event])
[0x00000219a677aff0] Threads_lock - owner thread: 0x00000219c2531980

Heap address: 0x0000000081c00000, size: 2020 MB, Compressed Oops mode: 32-bit

CDS disabled.
Compressed class space mapped at: 0x0000000100000000-0x0000000140000000, reserved size: 1073741824
Narrow klass base: 0x0000000000000000, Narrow klass shift: 3, Narrow klass range: 0x140000000

GC Precious Log:
 CPUs: 8 total, 8 available
 Memory: 8078M
 Large Page Support: Disabled
 NUMA Support: Disabled
 Compressed Oops: Enabled (32-bit)
 Heap Region Size: 1M
 Heap Min Capacity: 8M
 Heap Initial Capacity: 128M
 Heap Max Capacity: 2020M
 Pre-touch: Disabled
 Parallel Workers: 8
 Concurrent Workers: 2
 Concurrent Refinement Workers: 8
 Periodic GC: Disabled

Heap:
 garbage-first heap   total 46080K, used 16870K [0x0000000081c00000, 0x0000000100000000)
  region size 1024K, 3 young (3072K), 1 survivors (1024K)
 Metaspace       used 37591K, committed 37888K, reserved 1089536K
  class space    used 3927K, committed 4032K, reserved 1048576K

Heap Regions: E=young(eden), S=young(survivor), O=old, HS=humongous(starts), HC=humongous(continues), CS=collection set, F=free, OA=open archive, CA=closed archive, TAMS=top-at-mark-start (previous, next)
|   0|0x0000000081c00000, 0x0000000081d00000, 0x0000000081d00000|100%|HS|  |TAMS 0x0000000081d00000, 0x0000000081c00000| Complete 
|   1|0x0000000081d00000, 0x0000000081e00000, 0x0000000081e00000|100%| O|  |TAMS 0x0000000081e00000, 0x0000000081d00000| Untracked 
|   2|0x0000000081e00000, 0x0000000081f00000, 0x0000000081f00000|100%| O|  |TAMS 0x0000000081f00000, 0x0000000081e00000| Untracked 
|   3|0x0000000081f00000, 0x0000000082000000, 0x0000000082000000|100%| O|  |TAMS 0x0000000082000000, 0x0000000081f00000| Untracked 
|   4|0x0000000082000000, 0x0000000082100000, 0x0000000082100000|100%| O|  |TAMS 0x0000000082100000, 0x0000000082000000| Untracked 
|   5|0x0000000082100000, 0x0000000082200000, 0x0000000082200000|100%| O|  |TAMS 0x0000000082200000, 0x0000000082100000| Untracked 
|   6|0x0000000082200000, 0x0000000082300000, 0x0000000082300000|100%| O|  |TAMS 0x0000000082300000, 0x0000000082200000| Untracked 
|   7|0x0000000082300000, 0x0000000082372a00, 0x0000000082400000| 44%| O|  |TAMS 0x0000000082372a00, 0x0000000082300000| Untracked 
|   8|0x0000000082400000, 0x0000000082500000, 0x0000000082500000|100%| O|  |TAMS 0x0000000082500000, 0x0000000082400000| Untracked 
|   9|0x0000000082500000, 0x0000000082600000, 0x0000000082600000|100%| O|  |TAMS 0x0000000082600000, 0x0000000082500000| Untracked 
|  10|0x0000000082600000, 0x0000000082700000, 0x0000000082700000|100%| O|  |TAMS 0x0000000082700000, 0x0000000082600000| Untracked 
|  11|0x0000000082700000, 0x0000000082800000, 0x0000000082800000|100%| O|  |TAMS 0x0000000082800000, 0x0000000082700000| Untracked 
|  12|0x0000000082800000, 0x0000000082900000, 0x0000000082900000|100%| O|  |TAMS 0x0000000082900000, 0x0000000082800000| Untracked 
|  13|0x0000000082900000, 0x0000000082a00000, 0x0000000082a00000|100%| O|  |TAMS 0x0000000082a00000, 0x0000000082900000| Untracked 
|  14|0x0000000082a00000, 0x0000000082b00000, 0x0000000082b00000|100%| O|  |TAMS 0x0000000082ad9200, 0x0000000082a00000| Untracked 
|  15|0x0000000082b00000, 0x0000000082c00000, 0x0000000082c00000|100%| O|  |TAMS 0x0000000082b00000, 0x0000000082b00000| Untracked 
|  16|0x0000000082c00000, 0x0000000082c00a00, 0x0000000082d00000|  0%| O|  |TAMS 0x0000000082c00000, 0x0000000082c00000| Untracked 
|  17|0x0000000082d00000, 0x0000000082d00000, 0x0000000082e00000|  0%| F|  |TAMS 0x0000000082d00000, 0x0000000082d00000| Untracked 
|  18|0x0000000082e00000, 0x0000000082e00000, 0x0000000082f00000|  0%| F|  |TAMS 0x0000000082e00000, 0x0000000082e00000| Untracked 
|  19|0x0000000082f00000, 0x0000000082f00000, 0x0000000083000000|  0%| F|  |TAMS 0x0000000082f00000, 0x0000000082f00000| Untracked 
|  20|0x0000000083000000, 0x0000000083000000, 0x0000000083100000|  0%| F|  |TAMS 0x0000000083000000, 0x0000000083000000| Untracked 
|  21|0x0000000083100000, 0x0000000083100000, 0x0000000083200000|  0%| F|  |TAMS 0x0000000083100000, 0x0000000083100000| Untracked 
|  22|0x0000000083200000, 0x0000000083200000, 0x0000000083300000|  0%| F|  |TAMS 0x0000000083200000, 0x0000000083200000| Untracked 
|  23|0x0000000083300000, 0x0000000083306498, 0x0000000083400000|  2%| S|CS|TAMS 0x0000000083300000, 0x0000000083300000| Complete 
|  24|0x0000000083400000, 0x0000000083400000, 0x0000000083500000|  0%| F|  |TAMS 0x0000000083400000, 0x0000000083400000| Untracked 
|  25|0x0000000083500000, 0x0000000083500000, 0x0000000083600000|  0%| F|  |TAMS 0x0000000083500000, 0x0000000083500000| Untracked 
|  26|0x0000000083600000, 0x0000000083600000, 0x0000000083700000|  0%| F|  |TAMS 0x0000000083600000, 0x0000000083600000| Untracked 
|  27|0x0000000083700000, 0x0000000083700000, 0x0000000083800000|  0%| F|  |TAMS 0x0000000083700000, 0x0000000083700000| Untracked 
|  28|0x0000000083800000, 0x0000000083800000, 0x0000000083900000|  0%| F|  |TAMS 0x0000000083800000, 0x0000000083800000| Untracked 
|  29|0x0000000083900000, 0x0000000083900000, 0x0000000083a00000|  0%| F|  |TAMS 0x0000000083900000, 0x0000000083900000| Untracked 
|  30|0x0000000083a00000, 0x0000000083a00000, 0x0000000083b00000|  0%| F|  |TAMS 0x0000000083a00000, 0x0000000083a00000| Untracked 
|  31|0x0000000083b00000, 0x0000000083b00000, 0x0000000083c00000|  0%| F|  |TAMS 0x0000000083b00000, 0x0000000083b00000| Untracked 
|  32|0x0000000083c00000, 0x0000000083c00000, 0x0000000083d00000|  0%| F|  |TAMS 0x0000000083c00000, 0x0000000083c00000| Untracked 
|  33|0x0000000083d00000, 0x0000000083d00000, 0x0000000083e00000|  0%| F|  |TAMS 0x0000000083d00000, 0x0000000083d00000| Untracked 
|  34|0x0000000083e00000, 0x0000000083e00000, 0x0000000083f00000|  0%| F|  |TAMS 0x0000000083e00000, 0x0000000083e00000| Untracked 
|  35|0x0000000083f00000, 0x0000000083f00000, 0x0000000084000000|  0%| F|  |TAMS 0x0000000083f00000, 0x0000000083f00000| Untracked 
|  36|0x0000000084000000, 0x0000000084000000, 0x0000000084100000|  0%| F|  |TAMS 0x0000000084000000, 0x0000000084000000| Untracked 
|  37|0x0000000084100000, 0x0000000084100000, 0x0000000084200000|  0%| F|  |TAMS 0x0000000084100000, 0x0000000084100000| Untracked 
|  38|0x0000000084200000, 0x0000000084200000, 0x0000000084300000|  0%| F|  |TAMS 0x0000000084200000, 0x0000000084200000| Untracked 
|  39|0x0000000084300000, 0x0000000084300000, 0x0000000084400000|  0%| F|  |TAMS 0x0000000084300000, 0x0000000084300000| Untracked 
|  40|0x0000000084400000, 0x0000000084400000, 0x0000000084500000|  0%| F|  |TAMS 0x0000000084400000, 0x0000000084400000| Untracked 
| 110|0x0000000088a00000, 0x0000000088a00000, 0x0000000088b00000|  0%| F|  |TAMS 0x0000000088a00000, 0x0000000088a00000| Untracked 
| 111|0x0000000088b00000, 0x0000000088b00000, 0x0000000088c00000|  0%| F|  |TAMS 0x0000000088b00000, 0x0000000088b00000| Untracked 
| 112|0x0000000088c00000, 0x0000000088d00000, 0x0000000088d00000|100%| E|  |TAMS 0x0000000088c00000, 0x0000000088c00000| Complete 
| 127|0x0000000089b00000, 0x0000000089c00000, 0x0000000089c00000|100%| E|CS|TAMS 0x0000000089b00000, 0x0000000089b00000| Complete 

Card table byte_map: [0x00000219bb330000,0x00000219bb730000] _byte_map_base: 0x00000219baf22000

Marking Bits (Prev, Next): (CMBitMap*) 0x00000219a67bf540, (CMBitMap*) 0x00000219a67bf580
 Prev Bits: [0x00000219bbb30000, 0x00000219bdac0000)
 Next Bits: [0x00000219bdac0000, 0x00000219bfa50000)

Polling page: 0x00000219ab4a0000

Metaspace:

Usage:
  Non-class:     32.88 MB used.
      Class:      3.84 MB used.
       Both:     36.71 MB used.

Virtual space:
  Non-class space:       40.00 MB reserved,      33.06 MB ( 83%) committed,  5 nodes.
      Class space:        1.00 GB reserved,       3.94 MB ( <1%) committed,  1 nodes.
              Both:        1.04 GB reserved,      37.00 MB (  3%) committed. 

Chunk freelists:
   Non-Class:  2.42 MB
       Class:  69.00 KB
        Both:  2.49 MB

MaxMetaspaceSize: 17179869184.00 GB
CompressedClassSpaceSize: 1.00 GB
 - commit_granule_bytes: 65536.
 - commit_granule_words: 8192.
 - virtual_space_node_default_size: 1048576.
 - enlarge_chunks_in_place: 1.
 - new_chunks_are_fully_committed: 0.
 - uncommit_free_chunks: 1.
 - use_allocation_guard: 0.
 - handle_deallocations: 1.


Internal statistics:

num_allocs_failed_limit: 6.
num_arena_births: 304.
num_arena_deaths: 0.
num_vsnodes_births: 6.
num_vsnodes_deaths: 0.
num_space_committed: 592.
num_space_uncommitted: 0.
num_chunks_returned_to_freelist: 6.
num_chunks_taken_from_freelist: 1134.
num_chunk_merges: 6.
num_chunk_splits: 715.
num_chunks_enlarged: 499.
num_purges: 0.

CodeHeap 'non-profiled nmethods': size=120000Kb used=4065Kb max_used=4065Kb free=115934Kb
 bounds [0x00000219b2f90000, 0x00000219b3390000, 0x00000219ba4c0000]
CodeHeap 'profiled nmethods': size=120000Kb used=10077Kb max_used=10746Kb free=109922Kb
 bounds [0x00000219aba60000, 0x00000219ac500000, 0x00000219b2f90000]
CodeHeap 'non-nmethods': size=5760Kb used=1363Kb max_used=1457Kb free=4396Kb
 bounds [0x00000219ab4c0000, 0x00000219ab730000, 0x00000219aba60000]
 total_blobs=5509 nmethods=4897 adapters=524
 compilation: enabled
              stopped_count=0, restarted_count=0
 full_count=0

Compilation events (20 events):
Event: 373.114 Thread 0x00000219c303f780 5940       3       sun.util.calendar.ZoneInfoFile::addTrans (83 bytes)
Event: 373.114 Thread 0x00000219c303f780 nmethod 5940 0x00000219ac2b6a10 code [0x00000219ac2b6be0, 0x00000219ac2b7178]
Event: 373.114 Thread 0x00000219c303f780 5942       3       sun.util.calendar.ZoneInfo::getTransitionIndex (156 bytes)
Event: 373.115 Thread 0x00000219c303f780 nmethod 5942 0x00000219ac2b6090 code [0x00000219ac2b6260, 0x00000219ac2b6738]
Event: 373.115 Thread 0x00000219c303f780 5938       3       sun.util.calendar.ZoneInfoFile::readEpochSec (72 bytes)
Event: 373.115 Thread 0x00000219c303f780 nmethod 5938 0x00000219ac2b5890 code [0x00000219ac2b5a80, 0x00000219ac2b5f18]
Event: 373.115 Thread 0x00000219c303f780 5941       3       sun.util.calendar.ZoneInfoFile$Checksum::update (82 bytes)
Event: 373.115 Thread 0x00000219c303f780 nmethod 5941 0x00000219ac2b5210 code [0x00000219ac2b53c0, 0x00000219ac2b5788]
Event: 373.166 Thread 0x00000219c303ec90 5943       4       java.util.BitSet::get (69 bytes)
Event: 373.167 Thread 0x00000219c303ec90 nmethod 5943 0x00000219b3386e90 code [0x00000219b3387020, 0x00000219b33871b8]
Event: 373.289 Thread 0x00000219c303ec90 5944       4       java.util.stream.ForEachOps$ForEachOp::getOpFlags (15 bytes)
Event: 373.290 Thread 0x00000219c303ec90 nmethod 5944 0x00000219b3387310 code [0x00000219b33874a0, 0x00000219b3387538]
Event: 373.376 Thread 0x00000219c303ec90 5945       4       org.openqa.selenium.remote.http.HttpMessage::getHeader (40 bytes)
Event: 373.380 Thread 0x00000219c303ec90 nmethod 5945 0x00000219b3387610 code [0x00000219b33877c0, 0x00000219b3387a78]
Event: 373.380 Thread 0x00000219c303ec90 5946       4       java.util.stream.Sink$ChainedInt::end (10 bytes)
Event: 373.380 Thread 0x00000219c303ec90 nmethod 5946 0x00000219b3387e10 code [0x00000219b3387fa0, 0x00000219b3388078]
Event: 375.092 Thread 0x00000219c303f780 5947       3       okio.Buffer::readUtf8Line (48 bytes)
Event: 375.093 Thread 0x00000219c303f780 nmethod 5947 0x00000219ac225110 code [0x00000219ac225300, 0x00000219ac2256e8]
Event: 375.128 Thread 0x00000219c303ec90 5948       4       java.util.Collections$UnmodifiableCollection::forEach (11 bytes)
Event: 375.129 Thread 0x00000219c303ec90 nmethod 5948 0x00000219b3388190 code [0x00000219b3388320, 0x00000219b33883d8]

GC Heap History (20 events):
Event: 352.891 GC heap before
{Heap before GC invocations=75 (full 0):
 garbage-first heap   total 46080K, used 37393K [0x0000000081c00000, 0x0000000100000000)
  region size 1024K, 23 young (23552K), 1 survivors (1024K)
 Metaspace       used 37545K, committed 37824K, reserved 1089536K
  class space    used 3923K, committed 4032K, reserved 1048576K
}
Event: 352.892 GC heap after
{Heap after GC invocations=76 (full 0):
 garbage-first heap   total 46080K, used 15967K [0x0000000081c00000, 0x0000000100000000)
  region size 1024K, 1 young (1024K), 1 survivors (1024K)
 Metaspace       used 37545K, committed 37824K, reserved 1089536K
  class space    used 3923K, committed 4032K, reserved 1048576K
}
Event: 356.849 GC heap before
{Heap before GC invocations=76 (full 0):
 garbage-first heap   total 46080K, used 37471K [0x0000000081c00000, 0x0000000100000000)
  region size 1024K, 23 young (23552K), 1 survivors (1024K)
 Metaspace       used 37545K, committed 37824K, reserved 1089536K
  class space    used 3923K, committed 4032K, reserved 1048576K
}
Event: 356.851 GC heap after
{Heap after GC invocations=77 (full 0):
 garbage-first heap   total 46080K, used 15916K [0x0000000081c00000, 0x0000000100000000)
  region size 1024K, 1 young (1024K), 1 survivors (1024K)
 Metaspace       used 37545K, committed 37824K, reserved 1089536K
  class space    used 3923K, committed 4032K, reserved 1048576K
}
Event: 360.256 GC heap before
{Heap before GC invocations=77 (full 0):
 garbage-first heap   total 46080K, used 37420K [0x0000000081c00000, 0x0000000100000000)
  region size 1024K, 23 young (23552K), 1 survivors (1024K)
 Metaspace       used 37545K, committed 37824K, reserved 1089536K
  class space    used 3923K, committed 4032K, reserved 1048576K
}
Event: 360.257 GC heap after
{Heap after GC invocations=78 (full 0):
 garbage-first heap   total 46080K, used 15947K [0x0000000081c00000, 0x0000000100000000)
  region size 1024K, 1 young (1024K), 1 survivors (1024K)
 Metaspace       used 37545K, committed 37824K, reserved 1089536K
  class space    used 3923K, committed 4032K, reserved 1048576K
}
Event: 370.885 GC heap before
{Heap before GC invocations=78 (full 0):
 garbage-first heap   total 46080K, used 37451K [0x0000000081c00000, 0x0000000100000000)
  region size 1024K, 23 young (23552K), 1 survivors (1024K)
 Metaspace       used 37553K, committed 37824K, reserved 1089536K
  class space    used 3924K, committed 4032K, reserved 1048576K
}
Event: 370.886 GC heap after
{Heap after GC invocations=79 (full 0):
 garbage-first heap   total 46080K, used 16209K [0x0000000081c00000, 0x0000000100000000)
  region size 1024K, 1 young (1024K), 1 survivors (1024K)
 Metaspace       used 37553K, committed 37824K, reserved 1089536K
  class space    used 3924K, committed 4032K, reserved 1048576K
}
Event: 374.556 GC heap before
{Heap before GC invocations=79 (full 0):
 garbage-first heap   total 46080K, used 37713K [0x0000000081c00000, 0x0000000100000000)
  region size 1024K, 23 young (23552K), 1 survivors (1024K)
 Metaspace       used 37557K, committed 37824K, reserved 1089536K
  class space    used 3924K, committed 4032K, reserved 1048576K
}
Event: 374.557 GC heap after
{Heap after GC invocations=80 (full 0):
 garbage-first heap   total 46080K, used 15955K [0x0000000081c00000, 0x0000000100000000)
  region size 1024K, 1 young (1024K), 1 survivors (1024K)
 Metaspace       used 37557K, committed 37824K, reserved 1089536K
  class space    used 3924K, committed 4032K, reserved 1048576K
}
Event: 483.973 GC heap before
{Heap before GC invocations=80 (full 0):
 garbage-first heap   total 46080K, used 37459K [0x0000000081c00000, 0x0000000100000000)
  region size 1024K, 23 young (23552K), 1 survivors (1024K)
 Metaspace       used 37561K, committed 37824K, reserved 1089536K
  class space    used 3925K, committed 4032K, reserved 1048576K
}
Event: 483.974 GC heap after
{Heap after GC invocations=81 (full 0):
 garbage-first heap   total 46080K, used 15983K [0x0000000081c00000, 0x0000000100000000)
  region size 1024K, 1 young (1024K), 1 survivors (1024K)
 Metaspace       used 37561K, committed 37824K, reserved 1089536K
  class space    used 3925K, committed 4032K, reserved 1048576K
}
Event: 488.994 GC heap before
{Heap before GC invocations=81 (full 0):
 garbage-first heap   total 46080K, used 37487K [0x0000000081c00000, 0x0000000100000000)
  region size 1024K, 23 young (23552K), 1 survivors (1024K)
 Metaspace       used 37562K, committed 37824K, reserved 1089536K
  class space    used 3925K, committed 4032K, reserved 1048576K
}
Event: 488.995 GC heap after
{Heap after GC invocations=82 (full 0):
 garbage-first heap   total 46080K, used 16361K [0x0000000081c00000, 0x0000000100000000)
  region size 1024K, 1 young (1024K), 1 survivors (1024K)
 Metaspace       used 37562K, committed 37824K, reserved 1089536K
  class space    used 3925K, committed 4032K, reserved 1048576K
}
Event: 493.112 GC heap before
{Heap before GC invocations=82 (full 0):
 garbage-first heap   total 46080K, used 36841K [0x0000000081c00000, 0x0000000100000000)
  region size 1024K, 22 young (22528K), 1 survivors (1024K)
 Metaspace       used 37562K, committed 37824K, reserved 1089536K
  class space    used 3925K, committed 4032K, reserved 1048576K
}
Event: 493.113 GC heap after
{Heap after GC invocations=83 (full 0):
 garbage-first heap   total 46080K, used 15996K [0x0000000081c00000, 0x0000000100000000)
  region size 1024K, 1 young (1024K), 1 survivors (1024K)
 Metaspace       used 37562K, committed 37824K, reserved 1089536K
  class space    used 3925K, committed 4032K, reserved 1048576K
}
Event: 524.438 GC heap before
{Heap before GC invocations=83 (full 0):
 garbage-first heap   total 46080K, used 37500K [0x0000000081c00000, 0x0000000100000000)
  region size 1024K, 23 young (23552K), 1 survivors (1024K)
 Metaspace       used 37562K, committed 37824K, reserved 1089536K
  class space    used 3925K, committed 4032K, reserved 1048576K
}
Event: 524.439 GC heap after
{Heap after GC invocations=84 (full 0):
 garbage-first heap   total 46080K, used 16443K [0x0000000081c00000, 0x0000000100000000)
  region size 1024K, 1 young (1024K), 1 survivors (1024K)
 Metaspace       used 37562K, committed 37824K, reserved 1089536K
  class space    used 3925K, committed 4032K, reserved 1048576K
}
Event: 545.469 GC heap before
{Heap before GC invocations=84 (full 0):
 garbage-first heap   total 46080K, used 37947K [0x0000000081c00000, 0x0000000100000000)
  region size 1024K, 22 young (22528K), 1 survivors (1024K)
 Metaspace       used 37566K, committed 37824K, reserved 1089536K
  class space    used 3925K, committed 4032K, reserved 1048576K
}
Event: 545.470 GC heap after
{Heap after GC invocations=85 (full 0):
 garbage-first heap   total 46080K, used 15846K [0x0000000081c00000, 0x0000000100000000)
  region size 1024K, 1 young (1024K), 1 survivors (1024K)
 Metaspace       used 37566K, committed 37824K, reserved 1089536K
  class space    used 3925K, committed 4032K, reserved 1048576K
}

Deoptimization events (20 events):
Event: 377.356 Thread 0x00000219a677fb40 Uncommon trap: trap_request=0xffffff97 fr.pc=0x00000219b32020e0 relative=0x0000000000000300
Event: 377.356 Thread 0x00000219a677fb40 Uncommon trap: reason=unhandled action=none pc=0x00000219b32020e0 method=sun.nio.ch.NioSocketImpl.timedRead(Ljava/io/FileDescriptor;[BIIJ)I @ 57 c2
Event: 377.356 Thread 0x00000219a677fb40 DEOPT PACKING pc=0x00000219b32020e0 sp=0x000000a0946fbe50
Event: 377.356 Thread 0x00000219a677fb40 DEOPT UNPACKING pc=0x00000219ab50d72e sp=0x000000a0946fbe00 mode 2
Event: 377.356 Thread 0x00000219a677fb40 DEOPT PACKING pc=0x00000219ac40658c sp=0x000000a0946fbef0
Event: 377.356 Thread 0x00000219a677fb40 DEOPT UNPACKING pc=0x00000219ab50dece sp=0x000000a0946fb400 mode 1
Event: 377.356 Thread 0x00000219a677fb40 DEOPT PACKING pc=0x00000219ac4051fc sp=0x000000a0946fbfe0
Event: 377.356 Thread 0x00000219a677fb40 DEOPT UNPACKING pc=0x00000219ab50dece sp=0x000000a0946fb508 mode 1
Event: 377.356 Thread 0x00000219a677fb40 DEOPT PACKING pc=0x00000219ac40465c sp=0x000000a0946fc0e0
Event: 377.356 Thread 0x00000219a677fb40 DEOPT UNPACKING pc=0x00000219ab50dece sp=0x000000a0946fb588 mode 1
Event: 377.356 Thread 0x00000219a677fb40 DEOPT PACKING pc=0x00000219ac404264 sp=0x000000a0946fc140
Event: 377.356 Thread 0x00000219a677fb40 DEOPT UNPACKING pc=0x00000219ab50dece sp=0x000000a0946fb5e8 mode 1
Event: 377.356 Thread 0x00000219a677fb40 DEOPT PACKING pc=0x00000219ac1add54 sp=0x000000a0946fc1a0
Event: 377.356 Thread 0x00000219a677fb40 DEOPT UNPACKING pc=0x00000219ab50dece sp=0x000000a0946fb6b0 mode 1
Event: 377.356 Thread 0x00000219a677fb40 DEOPT PACKING pc=0x00000219ac1ac9c4 sp=0x000000a0946fc280
Event: 377.356 Thread 0x00000219a677fb40 DEOPT UNPACKING pc=0x00000219ab50dece sp=0x000000a0946fb758 mode 1
Event: 377.357 Thread 0x00000219a677fb40 DEOPT PACKING pc=0x00000219ac4acb44 sp=0x000000a0946fc340
Event: 377.357 Thread 0x00000219a677fb40 DEOPT UNPACKING pc=0x00000219ab50dece sp=0x000000a0946fb820 mode 1
Event: 377.357 Thread 0x00000219a677fb40 DEOPT PACKING pc=0x00000219abaaba9c sp=0x000000a0946fc3c0
Event: 377.357 Thread 0x00000219a677fb40 DEOPT UNPACKING pc=0x00000219ab50dece sp=0x000000a0946fb870 mode 1

Classes unloaded (0 events):
No events

Classes redefined (6 events):
Event: 638.824 Thread 0x00000219c2531980 redefined class name=connect_OCBaseMethods.SendDelAlert, count=1
Event: 655.212 Thread 0x00000219c2531980 redefined class name=connect_OCBaseMethods.SendDelAlert, count=2
Event: 667.016 Thread 0x00000219c2531980 redefined class name=connect_OrderProcessSPL.T3PLAST, count=1
Event: 675.609 Thread 0x00000219c2531980 redefined class name=connect_OrderProcessSPL.T3PLAST, count=2
Event: 693.540 Thread 0x00000219c2531980 redefined class name=connect_OrderProcessSPL.T3PLAST, count=3
Event: 707.049 Thread 0x00000219c2531980 redefined class name=connect_OrderProcessSPL.T3PLAST, count=4

Internal exceptions (20 events):
Event: 1.808 Thread 0x00000219a677fb40 Exception <a 'java/lang/NoSuchMethodError'{0x0000000083418a60}: 'float java.lang.invoke.DirectMethodHandle$Holder.invokeVirtual(java.lang.Object, java.lang.Object)'> (0x0000000083418a60) 
thrown [t:\workspace\open\src\hotspot\share\interpreter\linkResolver.cpp, line 790]
Event: 1.809 Thread 0x00000219a677fb40 Exception <a 'java/lang/NoSuchMethodError'{0x0000000083421ce8}: 'long java.lang.invoke.DirectMethodHandle$Holder.invokeVirtual(java.lang.Object, java.lang.Object)'> (0x0000000083421ce8) 
thrown [t:\workspace\open\src\hotspot\share\interpreter\linkResolver.cpp, line 790]
Event: 1.838 Thread 0x00000219a677fb40 Exception <a 'java/lang/NoSuchMethodError'{0x000000008337b850}: 'void java.lang.invoke.DirectMethodHandle$Holder.invokeSpecial(java.lang.Object, java.lang.Object, java.lang.Object, java.lang.Object, java.lang.Object)'> (0x000000008337b850) 
thrown [t:\workspace\open\src\hotspot\share\interpreter\linkResolver.cpp, line 790]
Event: 1.856 Thread 0x00000219a677fb40 Exception <a 'java/lang/NoSuchMethodError'{0x000000008325b430}: 'java.lang.Object java.lang.invoke.DirectMethodHandle$Holder.newInvokeSpecial(java.lang.Object, java.lang.Object, java.lang.Object, java.lang.Object, java.lang.Object)'> (0x000000008325b430) 
thrown [t:\workspace\open\src\hotspot\share\interpreter\linkResolver.cpp, line 790]
Event: 2.994 Thread 0x00000219a677fb40 Exception <a 'java/lang/NoSuchMethodError'{0x0000000082a43070}: 'java.lang.Object java.lang.invoke.DirectMethodHandle$Holder.invokeSpecialIFC(java.lang.Object, java.lang.Object, java.lang.Object)'> (0x0000000082a43070) 
thrown [t:\workspace\open\src\hotspot\share\interpreter\linkResolver.cpp, line 790]
Event: 3.018 Thread 0x00000219a677fb40 Exception <a 'java/lang/ClassNotFoundException'{0x0000000082ac7610}: sun/util/logging/resources/spi/loggingProvider> (0x0000000082ac7610) 
thrown [t:\workspace\open\src\hotspot\share\classfile\systemDictionary.cpp, line 256]
Event: 11.393 Thread 0x00000219a677fb40 Exception <a 'java/lang/NoSuchMethodError'{0x0000000083ee7628}: 'java.lang.Object java.lang.invoke.Invokers$Holder.invoke_MT(java.lang.Object, java.lang.Object, java.lang.Object)'> (0x0000000083ee7628) 
thrown [t:\workspace\open\src\hotspot\share\interpreter\linkResolver.cpp, line 790]
Event: 33.009 Thread 0x00000219a677fb40 Exception <a 'java/lang/ClassNotFoundException'{0x0000000083f6c868}: sun/misc/SharedSecrets> (0x0000000083f6c868) 
thrown [t:\workspace\open\src\hotspot\share\classfile\systemDictionary.cpp, line 256]
Event: 40.486 Thread 0x00000219a677fb40 Implicit null exception at 0x00000219b2feff60 to 0x00000219b2fefffa
Event: 50.771 Thread 0x00000219a677fb40 Exception <a 'java/lang/NoSuchMethodError'{0x0000000088b580b8}: 'void java.lang.invoke.DirectMethodHandle$Holder.invokeInterface(java.lang.Object, java.lang.Object)'> (0x0000000088b580b8) 
thrown [t:\workspace\open\src\hotspot\share\interpreter\linkResolver.cpp, line 790]
Event: 50.822 Thread 0x00000219a677fb40 Exception <a 'java/lang/ClassNotFoundException'{0x0000000088a249e8}: sun/awt/resources/spi/awtProvider> (0x0000000088a249e8) 
thrown [t:\workspace\open\src\hotspot\share\classfile\systemDictionary.cpp, line 256]
Event: 50.832 Thread 0x00000219a677fb40 Exception <a 'java/io/FileNotFoundException'{0x0000000088a27cf8}> (0x0000000088a27cf8) 
thrown [t:\workspace\open\src\hotspot\share\prims\jni.cpp, line 579]
Event: 50.833 Thread 0x00000219a677fb40 Exception <a 'java/io/FileNotFoundException'{0x0000000088a29530}> (0x0000000088a29530) 
thrown [t:\workspace\open\src\hotspot\share\prims\jni.cpp, line 579]
Event: 65.528 Thread 0x00000219a677fb40 Exception <a 'java/lang/NullPointerException'{0x00000000842ca708}> (0x00000000842ca708) 
thrown [t:\workspace\open\src\hotspot\share\interpreter\linkResolver.cpp, line 1468]
Event: 107.594 Thread 0x00000219a677fb40 Implicit null exception at 0x00000219b32890b1 to 0x00000219b3289a40
Event: 107.613 Thread 0x00000219a677fb40 Implicit null exception at 0x00000219b3283c0f to 0x00000219b3284128
Event: 107.746 Thread 0x00000219a677fb40 Implicit null exception at 0x00000219b315b0e0 to 0x00000219b315c050
Event: 107.761 Thread 0x00000219a677fb40 Exception <a 'java/lang/ClassNotFoundException'{0x0000000089b6a738}: com/sun/org/apache/xml/internal/serializer/spi/XMLEntitiesProvider> (0x0000000089b6a738) 
thrown [t:\workspace\open\src\hotspot\share\classfile\systemDictionary.cpp, line 256]
Event: 227.916 Thread 0x00000219a677fb40 Exception <a 'java/lang/NullPointerException'{0x00000000838640d0}> (0x00000000838640d0) 
thrown [t:\workspace\open\src\hotspot\share\interpreter\linkResolver.cpp, line 1468]
Event: 240.623 Thread 0x00000219a677fb40 Implicit null exception at 0x00000219b330e282 to 0x00000219b330ef00

Events (20 events):
Event: 667.027 Executing  VM operation: RedefineClasses done
Event: 667.033 Executing  VM operation: ChangeBreakpoints
Event: 667.035 Executing  VM operation: ChangeBreakpoints done
Event: 675.601 Executing  VM operation: RedefineClasses
Event: 675.621 Executing  VM operation: RedefineClasses done
Event: 693.531 Executing  VM operation: RedefineClasses
Event: 693.555 Executing  VM operation: RedefineClasses done
Event: 693.560 Executing  VM operation: ChangeBreakpoints
Event: 693.562 Executing  VM operation: ChangeBreakpoints done
Event: 707.041 Executing  VM operation: RedefineClasses
Event: 707.059 Executing  VM operation: RedefineClasses done
Event: 707.068 Executing  VM operation: ChangeBreakpoints
Event: 707.070 Executing  VM operation: ChangeBreakpoints done
Event: 710.172 Executing  VM operation: get/set locals
Event: 710.172 Executing  VM operation: get/set locals done
Event: 710.173 Executing  VM operation: get/set locals
Event: 710.173 Executing  VM operation: get/set locals done
Event: 710.174 Executing  VM operation: get/set locals
Event: 710.174 Executing  VM operation: get/set locals done
Event: 710.175 Executing  VM operation: get/set locals


Dynamic libraries:
0x00007ff69cb90000 - 0x00007ff69cb9e000 	C:\Users\rprajapati\.p2\pool\plugins\org.eclipse.justj.openjdk.hotspot.jre.full.win32.x86_64_16.0.2.v20210721-1149\jre\bin\javaw.exe
0x00007fff3b5d0000 - 0x00007fff3b7c8000 	C:\WINDOWS\SYSTEM32\ntdll.dll
0x00007fff39670000 - 0x00007fff3972f000 	C:\WINDOWS\System32\KERNEL32.DLL
0x00007fff38d50000 - 0x00007fff39022000 	C:\WINDOWS\System32\KERNELBASE.dll
0x00007fff39510000 - 0x00007fff39610000 	C:\WINDOWS\System32\ucrtbase.dll
0x00007fff35c30000 - 0x00007fff35c48000 	C:\Users\rprajapati\.p2\pool\plugins\org.eclipse.justj.openjdk.hotspot.jre.full.win32.x86_64_16.0.2.v20210721-1149\jre\bin\jli.dll
0x00007fff32d50000 - 0x00007fff32d69000 	C:\Users\rprajapati\.p2\pool\plugins\org.eclipse.justj.openjdk.hotspot.jre.full.win32.x86_64_16.0.2.v20210721-1149\jre\bin\VCRUNTIME140.dll
0x00007fff3aa00000 - 0x00007fff3aba1000 	C:\WINDOWS\System32\USER32.dll
0x00007fff394e0000 - 0x00007fff39502000 	C:\WINDOWS\System32\win32u.dll
0x00007fff0c8a0000 - 0x00007fff0cb3a000 	C:\WINDOWS\WinSxS\amd64_microsoft.windows.common-controls_6595b64144ccf1df_6.0.19041.1110_none_60b5254171f9507e\COMCTL32.dll
0x00007fff3a6f0000 - 0x00007fff3a71b000 	C:\WINDOWS\System32\GDI32.dll
0x00007fff3b330000 - 0x00007fff3b3ce000 	C:\WINDOWS\System32\msvcrt.dll
0x00007fff392b0000 - 0x00007fff393bf000 	C:\WINDOWS\System32\gdi32full.dll
0x00007fff391e0000 - 0x00007fff3927d000 	C:\WINDOWS\System32\msvcp_win.dll
0x00007fff39930000 - 0x00007fff39962000 	C:\WINDOWS\System32\IMM32.DLL
0x00007fff30a80000 - 0x00007fff30a8c000 	C:\Users\rprajapati\.p2\pool\plugins\org.eclipse.justj.openjdk.hotspot.jre.full.win32.x86_64_16.0.2.v20210721-1149\jre\bin\vcruntime140_1.dll
0x00007fff1bbd0000 - 0x00007fff1bc61000 	C:\Users\rprajapati\.p2\pool\plugins\org.eclipse.justj.openjdk.hotspot.jre.full.win32.x86_64_16.0.2.v20210721-1149\jre\bin\msvcp140.dll
0x00007ffeddde0000 - 0x00007ffede98b000 	C:\Users\rprajapati\.p2\pool\plugins\org.eclipse.justj.openjdk.hotspot.jre.full.win32.x86_64_16.0.2.v20210721-1149\jre\bin\server\jvm.dll
0x00007fff39860000 - 0x00007fff3990e000 	C:\WINDOWS\System32\ADVAPI32.dll
0x00007fff3b290000 - 0x00007fff3b32c000 	C:\WINDOWS\System32\sechost.dll
0x00007fff39730000 - 0x00007fff39855000 	C:\WINDOWS\System32\RPCRT4.dll
0x00007fff3b580000 - 0x00007fff3b588000 	C:\WINDOWS\System32\PSAPI.DLL
0x00007fff0b1b0000 - 0x00007fff0b1b9000 	C:\WINDOWS\SYSTEM32\WSOCK32.dll
0x00007fff2fbc0000 - 0x00007fff2fbca000 	C:\WINDOWS\SYSTEM32\VERSION.dll
0x00007fff0b130000 - 0x00007fff0b157000 	C:\WINDOWS\SYSTEM32\WINMM.dll
0x00007fff3a930000 - 0x00007fff3a99b000 	C:\WINDOWS\System32\WS2_32.dll
0x00007fff37510000 - 0x00007fff37522000 	C:\WINDOWS\SYSTEM32\kernel.appcore.dll
0x00007fff30a70000 - 0x00007fff30a7a000 	C:\Users\rprajapati\.p2\pool\plugins\org.eclipse.justj.openjdk.hotspot.jre.full.win32.x86_64_16.0.2.v20210721-1149\jre\bin\jimage.dll
0x00007fff36b50000 - 0x00007fff36d34000 	C:\WINDOWS\SYSTEM32\DBGHELP.DLL
0x00007fff29930000 - 0x00007fff29965000 	C:\WINDOWS\SYSTEM32\dbgcore.DLL
0x00007fff38cc0000 - 0x00007fff38d42000 	C:\WINDOWS\System32\bcryptPrimitives.dll
0x00007fff30450000 - 0x00007fff3048b000 	C:\Users\rprajapati\.p2\pool\plugins\org.eclipse.justj.openjdk.hotspot.jre.full.win32.x86_64_16.0.2.v20210721-1149\jre\bin\jdwp.dll
0x00007fff30240000 - 0x00007fff30265000 	C:\Users\rprajapati\.p2\pool\plugins\org.eclipse.justj.openjdk.hotspot.jre.full.win32.x86_64_16.0.2.v20210721-1149\jre\bin\java.dll
0x00007fff1cb50000 - 0x00007fff1cb68000 	C:\Users\rprajapati\.p2\pool\plugins\org.eclipse.justj.openjdk.hotspot.jre.full.win32.x86_64_16.0.2.v20210721-1149\jre\bin\zip.dll
0x00007fff39b50000 - 0x00007fff3a294000 	C:\WINDOWS\System32\SHELL32.dll
0x00007fff36d40000 - 0x00007fff374d2000 	C:\WINDOWS\SYSTEM32\windows.storage.dll
0x00007fff3a2a0000 - 0x00007fff3a5f5000 	C:\WINDOWS\System32\combase.dll
0x00007fff386b0000 - 0x00007fff386e0000 	C:\WINDOWS\SYSTEM32\Wldp.dll
0x00007fff39aa0000 - 0x00007fff39b4d000 	C:\WINDOWS\System32\SHCORE.dll
0x00007fff3a840000 - 0x00007fff3a895000 	C:\WINDOWS\System32\shlwapi.dll
0x00007fff38c00000 - 0x00007fff38c1f000 	C:\WINDOWS\SYSTEM32\profapi.dll
0x00007fff30a60000 - 0x00007fff30a6c000 	C:\Users\rprajapati\.p2\pool\plugins\org.eclipse.justj.openjdk.hotspot.jre.full.win32.x86_64_16.0.2.v20210721-1149\jre\bin\dt_socket.dll
0x00007fff38090000 - 0x00007fff380cb000 	C:\WINDOWS\SYSTEM32\IPHLPAPI.DLL
0x00007fff383a0000 - 0x00007fff3840a000 	C:\WINDOWS\system32\mswsock.dll
0x00007fff380d0000 - 0x00007fff3819a000 	C:\WINDOWS\SYSTEM32\DNSAPI.dll
0x00007fff3b1d0000 - 0x00007fff3b1d8000 	C:\WINDOWS\System32\NSI.dll
0x00007fff2f120000 - 0x00007fff2f12a000 	C:\Windows\System32\rasadhlp.dll
0x00007fff33520000 - 0x00007fff335a0000 	C:\WINDOWS\System32\fwpuclnt.dll
0x00007fff39280000 - 0x00007fff392a7000 	C:\WINDOWS\System32\bcrypt.dll
0x00007fff1cb30000 - 0x00007fff1cb49000 	C:\Users\rprajapati\.p2\pool\plugins\org.eclipse.justj.openjdk.hotspot.jre.full.win32.x86_64_16.0.2.v20210721-1149\jre\bin\net.dll
0x00007fff310d0000 - 0x00007fff311dc000 	C:\WINDOWS\SYSTEM32\WINHTTP.dll
0x00007fff1cb10000 - 0x00007fff1cb23000 	C:\Users\rprajapati\.p2\pool\plugins\org.eclipse.justj.openjdk.hotspot.jre.full.win32.x86_64_16.0.2.v20210721-1149\jre\bin\nio.dll
0x00007fff385a0000 - 0x00007fff385b8000 	C:\WINDOWS\SYSTEM32\CRYPTSP.dll
0x00007fff37cc0000 - 0x00007fff37cf4000 	C:\WINDOWS\system32\rsaenh.dll
0x00007fff38bc0000 - 0x00007fff38bee000 	C:\WINDOWS\SYSTEM32\USERENV.dll
0x00007fff38590000 - 0x00007fff3859c000 	C:\WINDOWS\SYSTEM32\CRYPTBASE.dll
0x00007fff33350000 - 0x00007fff33367000 	C:\WINDOWS\SYSTEM32\dhcpcsvc6.DLL
0x00007fff33280000 - 0x00007fff3329d000 	C:\WINDOWS\SYSTEM32\dhcpcsvc.DLL
0x00007fff30440000 - 0x00007fff30450000 	C:\Users\rprajapati\.p2\pool\plugins\org.eclipse.justj.openjdk.hotspot.jre.full.win32.x86_64_16.0.2.v20210721-1149\jre\bin\verify.dll
0x00007fff03310000 - 0x00007fff03327000 	C:\WINDOWS\system32\napinsp.dll
0x00007fff032f0000 - 0x00007fff0330b000 	C:\WINDOWS\system32\pnrpnsp.dll
0x00007fff335a0000 - 0x00007fff335b5000 	C:\WINDOWS\system32\wshbth.dll
0x00007fff35400000 - 0x00007fff3541d000 	C:\WINDOWS\system32\NLAapi.dll
0x00007fff03240000 - 0x00007fff03252000 	C:\WINDOWS\System32\winrnr.dll
0x00007fff20170000 - 0x00007fff20179000 	C:\Users\rprajapati\.p2\pool\plugins\org.eclipse.justj.openjdk.hotspot.jre.full.win32.x86_64_16.0.2.v20210721-1149\jre\bin\prefs.dll
0x00007fff1daa0000 - 0x00007fff1daae000 	C:\Users\rprajapati\.p2\pool\plugins\org.eclipse.justj.openjdk.hotspot.jre.full.win32.x86_64_16.0.2.v20210721-1149\jre\bin\sunmscapi.dll
0x00007fff39030000 - 0x00007fff39186000 	C:\WINDOWS\System32\CRYPT32.dll
0x00007fff38720000 - 0x00007fff38747000 	C:\WINDOWS\SYSTEM32\ncrypt.dll
0x00007fff386e0000 - 0x00007fff3871b000 	C:\WINDOWS\SYSTEM32\NTASN1.dll
0x00007ffeef9a0000 - 0x00007ffeefb1f000 	C:\Users\rprajapati\.p2\pool\plugins\org.eclipse.justj.openjdk.hotspot.jre.full.win32.x86_64_16.0.2.v20210721-1149\jre\bin\awt.dll
0x00007fff3b450000 - 0x00007fff3b51d000 	C:\WINDOWS\System32\OLEAUT32.dll
0x00007fff35eb0000 - 0x00007fff35f41000 	C:\WINDOWS\SYSTEM32\apphelp.dll
0x00007fff364d0000 - 0x00007fff364ff000 	C:\WINDOWS\system32\DWMAPI.DLL
0x00007fff362f0000 - 0x00007fff3638e000 	C:\WINDOWS\system32\uxtheme.dll
0x00007fff190a0000 - 0x00007fff191c5000 	C:\WINDOWS\system32\opengl32.dll
0x00007fff1cb70000 - 0x00007fff1cb9c000 	C:\WINDOWS\SYSTEM32\GLU32.dll
0x00007fff3a720000 - 0x00007fff3a835000 	C:\WINDOWS\System32\MSCTF.dll
0x00007fff39970000 - 0x00007fff39a9a000 	C:\WINDOWS\System32\ole32.dll

dbghelp: loaded successfully - version: 4.0.5 - missing functions: none
symbol engine: initialized successfully - sym options: 0x614 - pdb path: .;C:\Users\rprajapati\.p2\pool\plugins\org.eclipse.justj.openjdk.hotspot.jre.full.win32.x86_64_16.0.2.v20210721-1149\jre\bin;C:\WINDOWS\SYSTEM32;C:\WINDOWS\WinSxS\amd64_microsoft.windows.common-controls_6595b64144ccf1df_6.0.19041.1110_none_60b5254171f9507e;C:\Users\rprajapati\.p2\pool\plugins\org.eclipse.justj.openjdk.hotspot.jre.full.win32.x86_64_16.0.2.v20210721-1149\jre\bin\server

VM Arguments:
jvm_args: -XX:+ShowCodeDetailsInExceptionMessages -agentlib:jdwp=transport=dt_socket,suspend=y,address=localhost:58591 -ea -Dapplication.properties=\src\main\resources\config.properties -Dfile.encoding=windows-1252 
java_command: org.testng.remote.RemoteTestNG -serport 58589 -protocol json -d C:\Users\rprajapati\git\ConnectMaven\Connect\test-output C:\Users\RPRAJA~1\AppData\Local\Temp\testng-eclipse-75229098\testng-customsuite.xml
java_class_path (initial): C:\Users\rprajapati\eclipse\java-2021-06\eclipse\configuration\org.eclipse.osgi\442\0\.cp\lib\testng-remote.jar;C:\Users\rprajapati\git\ConnectMaven\Connect\target\test-classes;C:\Users\rprajapati\git\ConnectMaven\Connect\target\classes;C:\Users\rprajapati\.p2\pool\plugins\org.testng_7.4.0.r202105021533.jar;C:\Users\rprajapati\.p2\pool\plugins\com.beust.jcommander_1.78.0.jar;C:\Users\rprajapati\.p2\pool\plugins\org.apache-extras.beanshell.bsh_2.0.0.b6.jar;C:\Users\rprajapati\.p2\pool\plugins\org.yaml.snakeyaml_1.27.0.v20221112-0806.jar;C:\Users\rprajapati\.p2\pool\plugins\org.webjars.jquery_3.5.1.jar;C:\Users\rprajapati\.m2\repository\org\seleniumhq\selenium\selenium-server\3.141.59\selenium-server-3.141.59.jar;C:\Users\rprajapati\.m2\repository\com\beust\jcommander\1.72\jcommander-1.72.jar;C:\Users\rprajapati\.m2\repository\net\bytebuddy\byte-buddy\1.8.15\byte-buddy-1.8.15.jar;C:\Users\rprajapati\.m2\repository\org\apache\commons\commons-exec\1.3\commons-exec-1.3.jar;C:\Users\rprajapati\.m2\repository\net\jcip\jcip-annotations\1.0\jcip-annotations-1.0.jar;C:\Users\rprajapati\.m2\repository\org\seleniumhq\selenium\jetty-repacked\9.4.12.v20180830\jetty-repacked-9.4.12.v20180830.jar;C:\Users\rprajapati\.m2\repository\com\squareup\okhttp3\okhttp\3.11.0\okhttp-3.11.0.jar;C:\Users\rprajapati\.m2\repository\com\squareup\okio\okio\1.14.0\okio-1.14.0.jar;C:\Users\rprajapati\.m2\repository\javax\servlet\javax.servlet-api\3.1.0\javax.servlet-api-3.1.0.jar;C:\Users\rprajapati\.m2\repository\org\yaml\snakeyaml\1.19\snakeyaml-1.19.jar;C:\Users\rprajapati\.m2\repository\org\apache\poi\poi-ooxml\3.17\poi-ooxml-3.17.jar;C:\Users\rprajapati\.m2\repository\com\github\virtuald\curvesapi\1.04\curvesapi-1.04.jar;C:\Users\rprajapati\.m2\repository\org\apache\poi\poi\3.17\poi-3.17.jar;C:\Users\rprajapati\.m2\repository\commons-codec\commons-codec\1.10\commons-codec-1.10.jar;C:\Users\rprajapati\.m2\repository\org\apache\commons\commons-collections4\4.1\commons-
Launcher Type: SUN_STANDARD

[Global flags]
     intx CICompilerCount                          = 4                                         {product} {ergonomic}
     uint ConcGCThreads                            = 2                                         {product} {ergonomic}
     uint G1ConcRefinementThreads                  = 8                                         {product} {ergonomic}
   size_t G1HeapRegionSize                         = 1048576                                   {product} {ergonomic}
    uintx GCDrainStackTargetSize                   = 64                                        {product} {ergonomic}
   size_t InitialHeapSize                          = 134217728                                 {product} {ergonomic}
   size_t MarkStackSize                            = 4194304                                   {product} {ergonomic}
   size_t MaxHeapSize                              = 2118123520                                {product} {ergonomic}
   size_t MaxNewSize                               = 1270874112                                {product} {ergonomic}
   size_t MinHeapDeltaBytes                        = 1048576                                   {product} {ergonomic}
   size_t MinHeapSize                              = 8388608                                   {product} {ergonomic}
    uintx NonNMethodCodeHeapSize                   = 5839372                                {pd product} {ergonomic}
    uintx NonProfiledCodeHeapSize                  = 122909434                              {pd product} {ergonomic}
    uintx ProfiledCodeHeapSize                     = 122909434                              {pd product} {ergonomic}
    uintx ReservedCodeCacheSize                    = 251658240                              {pd product} {ergonomic}
     bool SegmentedCodeCache                       = true                                      {product} {ergonomic}
     bool ShowCodeDetailsInExceptionMessages       = true                                   {manageable} {command line}
   size_t SoftMaxHeapSize                          = 2118123520                             {manageable} {ergonomic}
     bool UseCompressedClassPointers               = true                           {product lp64_product} {ergonomic}
     bool UseCompressedOops                        = true                           {product lp64_product} {ergonomic}
     bool UseG1GC                                  = true                                      {product} {ergonomic}
     bool UseLargePagesIndividualAllocation        = false                                  {pd product} {ergonomic}

Logging:
Log output configuration:
 #0: stdout all=warning uptime,level,tags
 #1: stderr all=off uptime,level,tags

Environment Variables:
JAVA_HOME=C:\Program Files\Java\jdk-11.0.13
PATH=C:\Users\rprajapati\.p2\pool\plugins\org.eclipse.justj.openjdk.hotspot.jre.full.win32.x86_64_16.0.2.v20210721-1149\jre\bin;C:/Users/rprajapati/.p2/pool/plugins/org.eclipse.justj.openjdk.hotspot.jre.full.win32.x86_64_18.0.1.v20220515-1614/jre/bin/server;C:/Users/rprajapati/.p2/pool/plugins/org.eclipse.justj.openjdk.hotspot.jre.full.win32.x86_64_18.0.1.v20220515-1614/jre/bin;C:\Program Files\Common Files\Oracle\Java\javapath;C:\Program Files (x86)\Common Files\Oracle\Java\javapath;C:\WINDOWS\system32;C:\WINDOWS;C:\WINDOWS\System32\Wbem;C:\WINDOWS\System32\WindowsPowerShell\v1.0\;C:\Program Files (x86)\Microsoft SQL Server\Client SDK\ODBC\110\Tools\Binn\;C:\Program Files (x86)\Microsoft SQL Server\120\Tools\Binn\ManagementStudio\;C:\Program Files (x86)\Microsoft SQL Server\120\Tools\Binn\;C:\Program Files (x86)\Microsoft SQL Server\120\DTS\Binn\;C:\WINDOWS\System32\OpenSSH\;C:\Program Files\Git\cmd;C:\Users\rprajapati\AppData\Local\Microsoft\WindowsApps;C:\Program Files\Java\jdk-11.0.13\bin;C:\Program Files\Jenkins;C:\Ravina\Software\apache-maven-3.8.7\bin;;C:\Users\rprajapati\eclipse\java-2021-06\eclipse;
USERNAME=rprajapati
OS=Windows_NT
PROCESSOR_IDENTIFIER=Intel64 Family 6 Model 142 Stepping 12, GenuineIntel



---------------  S Y S T E M  ---------------

OS:
 Windows 10 , 64 bit Build 19041 (10.0.19041.2364)
OS uptime: 7 days 5:05 hours

CPU: total 8 (initial active 8) (4 cores per cpu, 2 threads per core) family 6 model 142 stepping 12 microcode 0xb8, cx8, cmov, fxsr, ht, mmx, 3dnowpref, sse, sse2, sse3, ssse3, sse4.1, sse4.2, popcnt, lzcnt, tsc, tscinvbit, avx, avx2, aes, erms, clmul, bmi1, bmi2, adx, fma, vzeroupper, clflush, clflushopt

Memory: 4k page, system-wide physical 8078M (1403M free)
TotalPageFile size 14562M (AvailPageFile size 3027M)
current process WorkingSet (physical memory assigned to process): 165M, peak: 195M
current process commit charge ("private bytes"): 193M, peak: 249M

vm_info: OpenJDK 64-Bit Server VM (16.0.2+7-67) for windows-amd64 JRE (16.0.2+7-67), built on Jun  8 2021 23:21:43 by "mach5one" with MS VC++ 16.7 (VS2019)

END.
